#
# A fatal error has been detected by the Java Runtime Environment:
#
#  SIGSEGV (0xb) at pc=0x00007f3feefaed3f, pid=17284, tid=139912252606208
#
# JRE version: Java(TM) SE Runtime Environment (8.0_05-b13) (build 1.8.0_05-b13)
# Java VM: Java HotSpot(TM) 64-Bit Server VM (25.5-b02 mixed mode linux-amd64 compressed oops)
# Problematic frame:
# C  [libc.so.6+0x36d3f]  __secure_getenv+0x5f
#
# Failed to write core dump. Core dumps have been disabled. To enable core dumping, try "ulimit -c unlimited" before starting Java again
#
# If you would like to submit a bug report, please visit:
#   http://bugreport.sun.com/bugreport/crash.jsp
# The crash happened outside the Java Virtual Machine in native code.
# See problematic frame for where to report the bug.
#

---------------  T H R E A D  ---------------

Current thread (0x000000000259c000):  JavaThread "JDWP Transport Listener: dt_socket" daemon [_thread_in_native, id=17303, stack(0x00007f3fdc0dc000,0x00007f3fdc1dd000)]

siginfo:si_signo=SIGSEGV: si_errno=0, si_code=128 (), si_addr=0x0000000000000000

Registers:
RAX=0x00007f3fef2feeb7, RBX=0x0000000000000001, RCX=0x000fe7fde8aa3460, RDX=0x000fe7fde5fdd700
RSP=0x00007f3fdc1dba50, RBP=0x00007f3fef2fd4c8, RSI=0x0000000000000001, RDI=0x00007f3fd3337050
R8 =0x0000000002ac62b0, R9 =0x0000000000000000, R10=0x0000000000000000, R11=0x00007f3fd82ad370
R12=0x0000000002ac5d70, R13=0x0000000000000001, R14=0x00007f3fed78fd60, R15=0x000000000000000a
RIP=0x00007f3feefaed3f, EFLAGS=0x0000000000010206, CSGSFS=0x0000000000000033, ERR=0x0000000000000000
  TRAPNO=0x000000000000000d

Top of Stack: (sp=0x00007f3fdc1dba50)
0x00007f3fdc1dba50:   0000000000000000 0000000000000001
0x00007f3fdc1dba60:   00007f3fdc1dbaa0 00007f3fdc1dbb10
0x00007f3fdc1dba70:   0000000000000001 00007f3feefaee45
0x00007f3fdc1dba80:   0000000000000006 00007f3fed564d47
0x00007f3fdc1dba90:   0000000000010b00 00007f3fdc1dbca0
0x00007f3fdc1dbaa0:   00007f3fdc1dbad0 00007f3fed5622fd
0x00007f3fdc1dbab0:   0000000000000001 000000000000000a
0x00007f3fdc1dbac0:   0000000000000001 00000000000a0100
0x00007f3fdc1dbad0:   00007f3fdc1dbd20 00007f3fed567976
0x00007f3fdc1dbae0:   00002e830000000f 00007f3fee0a0100
0x00007f3fdc1dbaf0:   00000000035235f0 00007f3fef728704
0x00007f3fdc1dbb00:   00007f3fdc1dbb10 00007f3fdc1dbca0
0x00007f3fdc1dbb10:   00007f3fdc1dbb60 000000000000012c
0x00007f3fdc1dbb20:   00007f3fdc1dbb28 0000000000000000
0x00007f3fdc1dbb30:   00007f3fdc1dbb60 0000000000000000
0x00007f3fdc1dbb40:   0000000100000000 00002e830000000b
0x00007f3fdc1dbb50:   00007f3f0000ee80 00007f3fdc1dbb60
0x00007f3fdc1dbb60:   747365440d000000 566176614a796f72
0x00007f3fdc1dbb70:   0000003e0000004d 000000e89a090300
0x00007f3fdc1dbb80:   0000006d00000000 0000010100030000
0x00007f3fdc1dbb90:   0000210000000000 0000c89a09030000
0x00007f3fdc1dbba0:   00005b0000000000 0001020003000000
0x00007f3fdc1dbbb0:   0021000000000000 00c09a0903000000
0x00007f3fdc1dbbc0:   0001000000000000 0103000300000000
0x00007f3fdc1dbbd0:   2500000000000000 40ee530300000000
0x00007f3fdc1dbbe0:   1c00000000000000 0400030000000000
0x00007f3fdc1dbbf0:   0000000000000001 5927030000000026
0x00007f3fdc1dbc00:   00000000000000b8 000300000000002a
0x00007f3fdc1dbc10:   0000000000000105 6903000000000600
0x00007f3fdc1dbc20:   00000000000080cf 687469672f6d0b00
0x00007f3fdc1dbc30:   72656469612f6275 616c702f69736d70
0x00007f3fdc1dbc40:   69752f676e696e6e 6c6f72746e6f632f 

Instructions: (pc=0x00007f3feefaed3f)
0x00007f3feefaed1f:   00 49 8b 44 24 08 48 89 c2 48 c1 e2 05 48 85 c0
0x00007f3feefaed2f:   4a 8d 4c 22 f0 74 2c 48 83 e8 01 49 89 44 24 08
0x00007f3feefaed3f:   48 8b 11 48 83 fa 03 0f 84 b4 00 00 00 48 83 fa
0x00007f3feefaed4f:   04 74 7e 48 83 fa 02 74 48 48 83 e9 20 48 85 c0 

Register to memory mapping:

RAX=0x00007f3fef2feeb7: <offset 0x386eb7> in /lib/x86_64-linux-gnu/libc.so.6 at 0x00007f3feef78000
RBX=0x0000000000000001 is an unknown value
RCX=0x000fe7fde8aa3460 is an unknown value
RDX=0x000fe7fde5fdd700 is an unknown value
RSP=0x00007f3fdc1dba50 is pointing into the stack for thread: 0x000000000259c000
RBP=0x00007f3fef2fd4c8: <offset 0x3854c8> in /lib/x86_64-linux-gnu/libc.so.6 at 0x00007f3feef78000
RSI=0x0000000000000001 is an unknown value
RDI=0x00007f3fd3337050: <offset 0x1128050> in /usr/lib/x86_64-linux-gnu/dri/swrast_dri.so at 0x00007f3fd220f000
R8 =0x0000000002ac62b0 is an unknown value
R9 =0x0000000000000000 is an unknown value
R10=0x0000000000000000 is an unknown value
R11=0x00007f3fd82ad370: _ZdlPv+0 in /usr/lib/x86_64-linux-gnu/libstdc++.so.6 at 0x00007f3fd824b000
R12=0x0000000002ac5d70 is an unknown value
R13=0x0000000000000001 is an unknown value
R14=0x00007f3fed78fd60: <offset 0x239d60> in /usr/lib/jvm/java-8-oracle/jre/lib/amd64/libjdwp.so at 0x00007f3fed556000
R15=0x000000000000000a is an unknown value


Stack: [0x00007f3fdc0dc000,0x00007f3fdc1dd000],  sp=0x00007f3fdc1dba50,  free space=1022k
Native frames: (J=compiled Java code, j=interpreted, Vv=VM code, C=native code)
C  [libc.so.6+0x36d3f]  __secure_getenv+0x5f
C  [libc.so.6+0x386740]  __libc_thread_freeres+0x24e750


---------------  P R O C E S S  ---------------

Java Threads: ( => current thread )
  0x00000000024f1000 JavaThread "DestroyJavaVM" [_thread_blocked, id=17290, stack(0x00007f3fefa3c000,0x00007f3fefb3d000)]
  0x0000000002d5b800 JavaThread "Thread-4" [_thread_in_Java, id=17382, stack(0x00007f3fbde2c000,0x00007f3fbdf2d000)]
  0x0000000002bdb800 JavaThread "Prism Font Disposer" daemon [_thread_blocked, id=17323, stack(0x00007f3fc7ae8000,0x00007f3fc7be9000)]
  0x0000000002b79000 JavaThread "Thread-1" daemon [_thread_blocked, id=17320, stack(0x00007f3fc8798000,0x00007f3fc8899000)]
  0x0000000002604000 JavaThread "Service Thread" daemon [_thread_blocked, id=17313, stack(0x00007f3fdbbd7000,0x00007f3fdbcd8000)]
  0x00000000025b2000 JavaThread "C1 CompilerThread1" daemon [_thread_blocked, id=17312, stack(0x00007f3fdbcd8000,0x00007f3fdbdd9000)]
  0x00000000025af000 JavaThread "C2 CompilerThread0" daemon [_thread_blocked, id=17311, stack(0x00007f3fdbdd9000,0x00007f3fdbeda000)]
  0x000000000259f800 JavaThread "JDWP Event Helper Thread" daemon [_thread_blocked, id=17306, stack(0x00007f3fdbfdb000,0x00007f3fdc0dc000)]
=>0x000000000259c000 JavaThread "JDWP Transport Listener: dt_socket" daemon [_thread_in_native, id=17303, stack(0x00007f3fdc0dc000,0x00007f3fdc1dd000)]
  0x000000000258e800 JavaThread "Signal Dispatcher" daemon [_thread_blocked, id=17301, stack(0x00007f3fdc3e1000,0x00007f3fdc4e2000)]
  0x000000000255a000 JavaThread "Finalizer" daemon [_thread_blocked, id=17300, stack(0x00007f3fdc4e2000,0x00007f3fdc5e3000)]
  0x0000000002556000 JavaThread "Reference Handler" daemon [_thread_blocked, id=17299, stack(0x00007f3fdc5e3000,0x00007f3fdc6e4000)]

Other Threads:
  0x0000000002551000 VMThread [stack: 0x00007f3fdc6e4000,0x00007f3fdc7e5000] [id=17298]
  0x0000000002609800 WatcherThread [stack: 0x00007f3fdbad6000,0x00007f3fdbbd7000] [id=17314]

VM state:not at safepoint (normal execution)

VM Mutex/Monitor currently owned by a thread: None

Heap:
 def new generation   total 22144K, used 6393K [0x00000000e2400000, 0x00000000e3c00000, 0x00000000ec2a0000)
  eden space 19712K,  20% used [0x00000000e2400000, 0x00000000e27de710, 0x00000000e3740000)
  from space 2432K, 100% used [0x00000000e3740000, 0x00000000e39a0000, 0x00000000e39a0000)
  to   space 2432K,   0% used [0x00000000e39a0000, 0x00000000e39a0000, 0x00000000e3c00000)
 tenured generation   total 49016K, used 28230K [0x00000000ec2a0000, 0x00000000ef27e000, 0x0000000100000000)
   the space 49016K,  57% used [0x00000000ec2a0000, 0x00000000ede31a20, 0x00000000ede31c00, 0x00000000ef27e000)
 Metaspace       used 23480K, capacity 23832K, committed 23936K, reserved 1069056K
  class space    used 3372K, capacity 3449K, committed 3456K, reserved 1048576K

Card table byte_map: [0x00007f3fdd2da000,0x00007f3fdd3c9000] byte_map_base: 0x00007f3fdcbc8000

Polling page: 0x00007f3fefb56000

CodeCache: size=245760Kb used=15449Kb max_used=15449Kb free=230310Kb
 bounds [0x00007f3fdd789000, 0x00007f3fde6a9000, 0x00007f3fec789000]
 total_blobs=5245 nmethods=4610 adapters=556
 compilation: enabled

Compilation events (10 events):
Event: 313,187 Thread 0x00000000025b2000 4780       3       com.github.aiderpmsi.planning.Solution$$Lambda$38/1589592906::get$Lambda (18 bytes)
Event: 313,187 Thread 0x00000000025b2000 nmethod 4780 0x00007f3fde6a4d50 code [0x00007f3fde6a4ec0, 0x00007f3fde6a50e0]
Event: 313,289 Thread 0x00000000025b2000 4781       3       javafx.application.Platform::runLater (5 bytes)
Event: 313,290 Thread 0x00000000025b2000 nmethod 4781 0x00007f3fde6a51d0 code [0x00007f3fde6a5340, 0x00007f3fde6a5500]
Event: 313,905 Thread 0x00000000025b2000 4782       3       solver.constraints.nary.cnf.PropTrue::<init> (17 bytes)
Event: 313,905 Thread 0x00000000025b2000 nmethod 4782 0x00007f3fde6a55d0 code [0x00007f3fde6a5740, 0x00007f3fde6a5aa0]
Event: 313,905 Thread 0x00000000025b2000 4783       3       memory.trailing.trail.flatten.StoredIntTrail::<init> (39 bytes)
Event: 313,905 Thread 0x00000000025b2000 nmethod 4783 0x00007f3fde6a5bd0 code [0x00007f3fde6a5d40, 0x00007f3fde6a6150]
Event: 313,948 Thread 0x00000000025b2000 4784       3       memory.trailing.trail.flatten.StoredIntTrail::resizeUpdateCapacity (87 bytes)
Event: 313,949 Thread 0x00000000025b2000 nmethod 4784 0x00007f3fde6a6290 code [0x00007f3fde6a6440, 0x00007f3fde6a6980]

GC Heap History (10 events):
Event: 311,348 GC heap before
{Heap before GC invocations=178 (full 19):
 def new generation   total 22144K, used 22144K [0x00000000e2400000, 0x00000000e3c00000, 0x00000000ec2a0000)
  eden space 19712K, 100% used [0x00000000e2400000, 0x00000000e3740000, 0x00000000e3740000)
  from space 2432K, 100% used [0x00000000e3740000, 0x00000000e39a0000, 0x00000000e39a0000)
  to   space 2432K,   0% used [0x00000000e39a0000, 0x00000000e39a0000, 0x00000000e3c00000)
 tenured generation   total 49016K, used 48134K [0x00000000ec2a0000, 0x00000000ef27e000, 0x0000000100000000)
   the space 49016K,  98% used [0x00000000ec2a0000, 0x00000000ef1a18a8, 0x00000000ef1a1a00, 0x00000000ef27e000)
 Metaspace       used 23464K, capacity 23828K, committed 23936K, reserved 1069056K
  class space    used 3372K, capacity 3449K, committed 3456K, reserved 1048576K
Event: 311,861 GC heap after
Heap after GC invocations=179 (full 20):
 def new generation   total 22144K, used 0K [0x00000000e2400000, 0x00000000e3c00000, 0x00000000ec2a0000)
  eden space 19712K,   0% used [0x00000000e2400000, 0x00000000e2400000, 0x00000000e3740000)
  from space 2432K,   0% used [0x00000000e39a0000, 0x00000000e39a0000, 0x00000000e3c00000)
  to   space 2432K,   0% used [0x00000000e3740000, 0x00000000e3740000, 0x00000000e39a0000)
 tenured generation   total 49016K, used 19596K [0x00000000ec2a0000, 0x00000000ef27e000, 0x0000000100000000)
   the space 49016K,  39% used [0x00000000ec2a0000, 0x00000000ed5c3138, 0x00000000ed5c3200, 0x00000000ef27e000)
 Metaspace       used 23464K, capacity 23828K, committed 23936K, reserved 1069056K
  class space    used 3372K, capacity 3449K, committed 3456K, reserved 1048576K
}
Event: 312,186 GC heap before
{Heap before GC invocations=179 (full 20):
 def new generation   total 22144K, used 19712K [0x00000000e2400000, 0x00000000e3c00000, 0x00000000ec2a0000)
  eden space 19712K, 100% used [0x00000000e2400000, 0x00000000e3740000, 0x00000000e3740000)
  from space 2432K,   0% used [0x00000000e39a0000, 0x00000000e39a0000, 0x00000000e3c00000)
  to   space 2432K,   0% used [0x00000000e3740000, 0x00000000e3740000, 0x00000000e39a0000)
 tenured generation   total 49016K, used 19596K [0x00000000ec2a0000, 0x00000000ef27e000, 0x0000000100000000)
   the space 49016K,  39% used [0x00000000ec2a0000, 0x00000000ed5c3138, 0x00000000ed5c3200, 0x00000000ef27e000)
 Metaspace       used 23464K, capacity 23828K, committed 23936K, reserved 1069056K
  class space    used 3372K, capacity 3449K, committed 3456K, reserved 1048576K
Event: 312,248 GC heap after
Heap after GC invocations=180 (full 20):
 def new generation   total 22144K, used 2431K [0x00000000e2400000, 0x00000000e3c00000, 0x00000000ec2a0000)
  eden space 19712K,   0% used [0x00000000e2400000, 0x00000000e2400000, 0x00000000e3740000)
  from space 2432K,  99% used [0x00000000e3740000, 0x00000000e399fff8, 0x00000000e39a0000)
  to   space 2432K,   0% used [0x00000000e39a0000, 0x00000000e39a0000, 0x00000000e3c00000)
 tenured generation   total 49016K, used 24965K [0x00000000ec2a0000, 0x00000000ef27e000, 0x0000000100000000)
   the space 49016K,  50% used [0x00000000ec2a0000, 0x00000000edb01718, 0x00000000edb01800, 0x00000000ef27e000)
 Metaspace       used 23464K, capacity 23828K, committed 23936K, reserved 1069056K
  class space    used 3372K, capacity 3449K, committed 3456K, reserved 1048576K
}
Event: 312,466 GC heap before
{Heap before GC invocations=180 (full 20):
 def new generation   total 22144K, used 22143K [0x00000000e2400000, 0x00000000e3c00000, 0x00000000ec2a0000)
  eden space 19712K, 100% used [0x00000000e2400000, 0x00000000e3740000, 0x00000000e3740000)
  from space 2432K,  99% used [0x00000000e3740000, 0x00000000e399fff8, 0x00000000e39a0000)
  to   space 2432K,   0% used [0x00000000e39a0000, 0x00000000e39a0000, 0x00000000e3c00000)
 tenured generation   total 49016K, used 24965K [0x00000000ec2a0000, 0x00000000ef27e000, 0x0000000100000000)
   the space 49016K,  50% used [0x00000000ec2a0000, 0x00000000edb01718, 0x00000000edb01800, 0x00000000ef27e000)
 Metaspace       used 23465K, capacity 23828K, committed 23936K, reserved 1069056K
  class space    used 3372K, capacity 3449K, committed 3456K, reserved 1048576K
Event: 312,582 GC heap after
Heap after GC invocations=181 (full 20):
 def new generation   total 22144K, used 2432K [0x00000000e2400000, 0x00000000e3c00000, 0x00000000ec2a0000)
  eden space 19712K,   0% used [0x00000000e2400000, 0x00000000e2400000, 0x00000000e3740000)
  from space 2432K, 100% used [0x00000000e39a0000, 0x00000000e3c00000, 0x00000000e3c00000)
  to   space 2432K,   0% used [0x00000000e3740000, 0x00000000e3740000, 0x00000000e39a0000)
 tenured generation   total 49016K, used 32970K [0x00000000ec2a0000, 0x00000000ef27e000, 0x0000000100000000)
   the space 49016K,  67% used [0x00000000ec2a0000, 0x00000000ee2d2850, 0x00000000ee2d2a00, 0x00000000ef27e000)
 Metaspace       used 23465K, capacity 23828K, committed 23936K, reserved 1069056K
  class space    used 3372K, capacity 3449K, committed 3456K, reserved 1048576K
}
Event: 312,884 GC heap before
{Heap before GC invocations=181 (full 20):
 def new generation   total 22144K, used 22144K [0x00000000e2400000, 0x00000000e3c00000, 0x00000000ec2a0000)
  eden space 19712K, 100% used [0x00000000e2400000, 0x00000000e3740000, 0x00000000e3740000)
  from space 2432K, 100% used [0x00000000e39a0000, 0x00000000e3c00000, 0x00000000e3c00000)
  to   space 2432K,   0% used [0x00000000e3740000, 0x00000000e3740000, 0x00000000e39a0000)
 tenured generation   total 49016K, used 32970K [0x00000000ec2a0000, 0x00000000ef27e000, 0x0000000100000000)
   the space 49016K,  67% used [0x00000000ec2a0000, 0x00000000ee2d2850, 0x00000000ee2d2a00, 0x00000000ef27e000)
 Metaspace       used 23477K, capacity 23828K, committed 23936K, reserved 1069056K
  class space    used 3372K, capacity 3449K, committed 3456K, reserved 1048576K
Event: 313,035 GC heap after
Heap after GC invocations=182 (full 20):
 def new generation   total 22144K, used 2431K [0x00000000e2400000, 0x00000000e3c00000, 0x00000000ec2a0000)
  eden space 19712K,   0% used [0x00000000e2400000, 0x00000000e2400000, 0x00000000e3740000)
  from space 2432K,  99% used [0x00000000e3740000, 0x00000000e399fff8, 0x00000000e39a0000)
  to   space 2432K,   0% used [0x00000000e39a0000, 0x00000000e39a0000, 0x00000000e3c00000)
 tenured generation   total 49016K, used 41146K [0x00000000ec2a0000, 0x00000000ef27e000, 0x0000000100000000)
   the space 49016K,  83% used [0x00000000ec2a0000, 0x00000000eeaceac8, 0x00000000eeacec00, 0x00000000ef27e000)
 Metaspace       used 23477K, capacity 23828K, committed 23936K, reserved 1069056K
  class space    used 3372K, capacity 3449K, committed 3456K, reserved 1048576K
}
Event: 313,301 GC heap before
{Heap before GC invocations=182 (full 20):
 def new generation   total 22144K, used 22143K [0x00000000e2400000, 0x00000000e3c00000, 0x00000000ec2a0000)
  eden space 19712K, 100% used [0x00000000e2400000, 0x00000000e3740000, 0x00000000e3740000)
  from space 2432K,  99% used [0x00000000e3740000, 0x00000000e399fff8, 0x00000000e39a0000)
  to   space 2432K,   0% used [0x00000000e39a0000, 0x00000000e39a0000, 0x00000000e3c00000)
 tenured generation   total 49016K, used 41146K [0x00000000ec2a0000, 0x00000000ef27e000, 0x0000000100000000)
   the space 49016K,  83% used [0x00000000ec2a0000, 0x00000000eeaceac8, 0x00000000eeacec00, 0x00000000ef27e000)
 Metaspace       used 23480K, capacity 23832K, committed 23936K, reserved 1069056K
  class space    used 3372K, capacity 3449K, committed 3456K, reserved 1048576K
Event: 313,753 GC heap after
Heap after GC invocations=183 (full 21):
 def new generation   total 22144K, used 0K [0x00000000e2400000, 0x00000000e3c00000, 0x00000000ec2a0000)
  eden space 19712K,   0% used [0x00000000e2400000, 0x00000000e2400000, 0x00000000e3740000)
  from space 2432K,   0% used [0x00000000e39a0000, 0x00000000e39a0000, 0x00000000e3c00000)
  to   space 2432K,   0% used [0x00000000e3740000, 0x00000000e3740000, 0x00000000e39a0000)
 tenured generation   total 49016K, used 22481K [0x00000000ec2a0000, 0x00000000ef27e000, 0x0000000100000000)
   the space 49016K,  45% used [0x00000000ec2a0000, 0x00000000ed894640, 0x00000000ed894800, 0x00000000ef27e000)
 Metaspace       used 23480K, capacity 23832K, committed 23936K, reserved 1069056K
  class space    used 3372K, capacity 3449K, committed 3456K, reserved 1048576K
}

Deoptimization events (10 events):
Event: 313,859 Thread 0x0000000002d5b800 Uncommon trap: reason=unhandled action=none pc=0x00007f3fde682544 method=solver.propagation.hardcoded.TwoBucketPropagationEngine.fails(Lsolver/ICause;Lsolver/variables/Variable;Ljava/lang/String;)V @ 10
Event: 313,859 Thread 0x0000000002d5b800 Uncommon trap: reason=unhandled action=none pc=0x00007f3fde682544 method=solver.propagation.hardcoded.TwoBucketPropagationEngine.fails(Lsolver/ICause;Lsolver/variables/Variable;Ljava/lang/String;)V @ 10
Event: 313,951 Thread 0x0000000002d5b800 Uncommon trap: reason=unhandled action=none pc=0x00007f3fde682544 method=solver.propagation.hardcoded.TwoBucketPropagationEngine.fails(Lsolver/ICause;Lsolver/variables/Variable;Ljava/lang/String;)V @ 10
Event: 313,951 Thread 0x0000000002d5b800 Uncommon trap: reason=unhandled action=none pc=0x00007f3fde682544 method=solver.propagation.hardcoded.TwoBucketPropagationEngine.fails(Lsolver/ICause;Lsolver/variables/Variable;Ljava/lang/String;)V @ 10
Event: 313,951 Thread 0x0000000002d5b800 Uncommon trap: reason=unhandled action=none pc=0x00007f3fde682544 method=solver.propagation.hardcoded.TwoBucketPropagationEngine.fails(Lsolver/ICause;Lsolver/variables/Variable;Ljava/lang/String;)V @ 10
Event: 313,952 Thread 0x0000000002d5b800 Uncommon trap: reason=unhandled action=none pc=0x00007f3fde682544 method=solver.propagation.hardcoded.TwoBucketPropagationEngine.fails(Lsolver/ICause;Lsolver/variables/Variable;Ljava/lang/String;)V @ 10
Event: 313,952 Thread 0x0000000002d5b800 Uncommon trap: reason=unhandled action=none pc=0x00007f3fde682544 method=solver.propagation.hardcoded.TwoBucketPropagationEngine.fails(Lsolver/ICause;Lsolver/variables/Variable;Ljava/lang/String;)V @ 10
Event: 313,952 Thread 0x0000000002d5b800 Uncommon trap: reason=unhandled action=none pc=0x00007f3fde682544 method=solver.propagation.hardcoded.TwoBucketPropagationEngine.fails(Lsolver/ICause;Lsolver/variables/Variable;Ljava/lang/String;)V @ 10
Event: 313,952 Thread 0x0000000002d5b800 Uncommon trap: reason=unhandled action=none pc=0x00007f3fde682544 method=solver.propagation.hardcoded.TwoBucketPropagationEngine.fails(Lsolver/ICause;Lsolver/variables/Variable;Ljava/lang/String;)V @ 10
Event: 313,952 Thread 0x0000000002d5b800 Uncommon trap: reason=unhandled action=none pc=0x00007f3fde682544 method=solver.propagation.hardcoded.TwoBucketPropagationEngine.fails(Lsolver/ICause;Lsolver/variables/Variable;Ljava/lang/String;)V @ 10

Internal exceptions (10 events):
Event: 90,364 Thread 0x000000000369b000 Exception <a 'java/security/PrivilegedActionException'> (0x00000000e28cb1e0) thrown at [/HUDSON/workspace/8-2-build-linux-amd64/jdk8u5/2488/hotspot/src/share/vm/prims/jvm.cpp, line 1248]
Event: 90,365 Thread 0x000000000369b000 Exception <a 'java/security/PrivilegedActionException'> (0x00000000e28ceab0) thrown at [/HUDSON/workspace/8-2-build-linux-amd64/jdk8u5/2488/hotspot/src/share/vm/prims/jvm.cpp, line 1248]
Event: 90,371 Thread 0x000000000369b000 Exception <a 'java/security/PrivilegedActionException'> (0x00000000e28d3308) thrown at [/HUDSON/workspace/8-2-build-linux-amd64/jdk8u5/2488/hotspot/src/share/vm/prims/jvm.cpp, line 1248]
Event: 105,311 Thread 0x0000000002b7b800 Exception <a 'java/security/PrivilegedActionException'> (0x00000000e2a118e8) thrown at [/HUDSON/workspace/8-2-build-linux-amd64/jdk8u5/2488/hotspot/src/share/vm/prims/jvm.cpp, line 1248]
Event: 105,312 Thread 0x0000000002b7b800 Exception <a 'java/security/PrivilegedActionException'> (0x00000000e2a14108) thrown at [/HUDSON/workspace/8-2-build-linux-amd64/jdk8u5/2488/hotspot/src/share/vm/prims/jvm.cpp, line 1248]
Event: 240,623 Thread 0x0000000002d5b800 Exception <a 'java/security/PrivilegedActionException'> (0x00000000e2d6c3b8) thrown at [/HUDSON/workspace/8-2-build-linux-amd64/jdk8u5/2488/hotspot/src/share/vm/prims/jvm.cpp, line 1248]
Event: 240,624 Thread 0x0000000002d5b800 Exception <a 'java/security/PrivilegedActionException'> (0x00000000e2d701b8) thrown at [/HUDSON/workspace/8-2-build-linux-amd64/jdk8u5/2488/hotspot/src/share/vm/prims/jvm.cpp, line 1248]
Event: 240,634 Thread 0x0000000002d5b800 Exception <a 'java/security/PrivilegedActionException'> (0x00000000e2d73d18) thrown at [/HUDSON/workspace/8-2-build-linux-amd64/jdk8u5/2488/hotspot/src/share/vm/prims/jvm.cpp, line 1248]
Event: 258,467 Thread 0x0000000002d5b800 Exception <a 'java/security/PrivilegedActionException'> (0x00000000e27f1510) thrown at [/HUDSON/workspace/8-2-build-linux-amd64/jdk8u5/2488/hotspot/src/share/vm/prims/jvm.cpp, line 1248]
Event: 276,655 Thread 0x0000000002d5b800 Exception <a 'java/security/PrivilegedActionException'> (0x00000000e2bd68a8) thrown at [/HUDSON/workspace/8-2-build-linux-amd64/jdk8u5/2488/hotspot/src/share/vm/prims/jvm.cpp, line 1248]

Events (10 events):
Event: 313,952 Thread 0x0000000002d5b800 DEOPT UNPACKING pc=0x00007f3fdd7d001a sp=0x00007f3fbdf2ae48 mode 1
Event: 313,952 Thread 0x0000000002d5b800 DEOPT PACKING pc=0x00007f3fde392224 sp=0x00007f3fbdf2b150
Event: 313,952 Thread 0x0000000002d5b800 DEOPT UNPACKING pc=0x00007f3fdd7d001a sp=0x00007f3fbdf2ae98 mode 1
Event: 313,952 Thread 0x0000000002d5b800 DEOPT PACKING pc=0x00007f3fde40d2f8 sp=0x00007f3fbdf2b1c0
Event: 313,952 Thread 0x0000000002d5b800 DEOPT UNPACKING pc=0x00007f3fdd7d001a sp=0x00007f3fbdf2af08 mode 1
Event: 313,952 Thread 0x0000000002d5b800 DEOPT PACKING pc=0x00007f3fde5c6ed4 sp=0x00007f3fbdf2b210
Event: 313,952 Thread 0x0000000002d5b800 DEOPT UNPACKING pc=0x00007f3fdd7d001a sp=0x00007f3fbdf2af80 mode 1
Event: 313,952 Thread 0x0000000002d5b800 Uncommon trap: trap_request=0xffffffa7 fr.pc=0x00007f3fde682544
Event: 313,952 Thread 0x0000000002d5b800 DEOPT PACKING pc=0x00007f3fde682544 sp=0x00007f3fbdf2aff0
Event: 313,952 Thread 0x0000000002d5b800 DEOPT UNPACKING pc=0x00007f3fdd7d0250 sp=0x00007f3fbdf2af68 mode 2


Dynamic libraries:
00400000-00401000 r-xp 00000000 08:01 277331                             /usr/lib/jvm/java-8-oracle/bin/java
00600000-00601000 rw-p 00000000 08:01 277331                             /usr/lib/jvm/java-8-oracle/bin/java
024e3000-03c9b000 rw-p 00000000 00:00 0                                  [heap]
e2400000-e3c00000 rw-p 00000000 00:00 0 
e3c00000-ec2a0000 ---p 00000000 00:00 0 
ec2a0000-ef27e000 rw-p 00000000 00:00 0 
ef27e000-100000000 ---p 00000000 00:00 0 
100000000-100360000 rw-p 00000000 00:00 0 
100360000-140000000 ---p 00000000 00:00 0 
7f3fb8000000-7f3fba2fe000 rw-p 00000000 00:00 0 
7f3fba2fe000-7f3fbc000000 ---p 00000000 00:00 0 
7f3fbda10000-7f3fbdc10000 rw-p 00000000 00:00 0 
7f3fbdc10000-7f3fbdc2c000 r--s 00393000 08:01 674850                     /usr/lib/jvm/java-8-oracle/jre/lib/ext/cldrdata.jar
7f3fbdc2c000-7f3fbde2c000 rw-p 00000000 00:00 0 
7f3fbde2c000-7f3fbde2f000 ---p 00000000 00:00 0 
7f3fbde2f000-7f3fbdf2d000 rw-p 00000000 00:00 0 
7f3fbdf2d000-7f3fbdf3d000 r-xp 00000000 08:01 3321                       /usr/lib/jvm/java-8-oracle/jre/lib/amd64/libdecora_sse.so
7f3fbdf3d000-7f3fbe13c000 ---p 00010000 08:01 3321                       /usr/lib/jvm/java-8-oracle/jre/lib/amd64/libdecora_sse.so
7f3fbe13c000-7f3fbe13d000 r--p 0000f000 08:01 3321                       /usr/lib/jvm/java-8-oracle/jre/lib/amd64/libdecora_sse.so
7f3fbe13d000-7f3fbe13e000 rw-p 00010000 08:01 3321                       /usr/lib/jvm/java-8-oracle/jre/lib/amd64/libdecora_sse.so
7f3fbe13e000-7f3fbe154000 r-xp 00000000 08:01 3312                       /usr/lib/jvm/java-8-oracle/jre/lib/amd64/libnet.so
7f3fbe154000-7f3fbe353000 ---p 00016000 08:01 3312                       /usr/lib/jvm/java-8-oracle/jre/lib/amd64/libnet.so
7f3fbe353000-7f3fbe354000 rw-p 00015000 08:01 3312                       /usr/lib/jvm/java-8-oracle/jre/lib/amd64/libnet.so
7f3fbe354000-7f3fbe364000 r-xp 00000000 08:01 3293                       /usr/lib/jvm/java-8-oracle/jre/lib/amd64/libnio.so
7f3fbe364000-7f3fbe564000 ---p 00010000 08:01 3293                       /usr/lib/jvm/java-8-oracle/jre/lib/amd64/libnio.so
7f3fbe564000-7f3fbe565000 rw-p 00010000 08:01 3293                       /usr/lib/jvm/java-8-oracle/jre/lib/amd64/libnio.so
7f3fbe565000-7f3fbe56a000 r-xp 00000000 08:01 403621                     /usr/lib/x86_64-linux-gnu/gdk-pixbuf-2.0/2.10.0/loaders/libpixbufloader-png.so
7f3fbe56a000-7f3fbe769000 ---p 00005000 08:01 403621                     /usr/lib/x86_64-linux-gnu/gdk-pixbuf-2.0/2.10.0/loaders/libpixbufloader-png.so
7f3fbe769000-7f3fbe76a000 r--p 00004000 08:01 403621                     /usr/lib/x86_64-linux-gnu/gdk-pixbuf-2.0/2.10.0/loaders/libpixbufloader-png.so
7f3fbe76a000-7f3fbe76b000 rw-p 00005000 08:01 403621                     /usr/lib/x86_64-linux-gnu/gdk-pixbuf-2.0/2.10.0/loaders/libpixbufloader-png.so
7f3fbe76b000-7f3fbe76c000 ---p 00000000 00:00 0 
7f3fbe76c000-7f3fbef6c000 rw-p 00000000 00:00 0 
7f3fbef6c000-7f3fbefcc000 rw-s 00000000 00:04 4685832                    /SYSV00000000 (deleted)
7f3fbefcc000-7f3fbefcd000 ---p 00000000 00:00 0 
7f3fbefcd000-7f3fbf7cd000 rw-p 00000000 00:00 0 
7f3fbf7cd000-7f3fbf7ef000 r-xp 00000000 08:01 912160                     /lib/x86_64-linux-gnu/liblzma.so.5.0.0
7f3fbf7ef000-7f3fbf9ee000 ---p 00022000 08:01 912160                     /lib/x86_64-linux-gnu/liblzma.so.5.0.0
7f3fbf9ee000-7f3fbf9ef000 r--p 00021000 08:01 912160                     /lib/x86_64-linux-gnu/liblzma.so.5.0.0
7f3fbf9ef000-7f3fbf9f0000 rw-p 00022000 08:01 912160                     /lib/x86_64-linux-gnu/liblzma.so.5.0.0
7f3fbf9f0000-7f3fbfb46000 r-xp 00000000 08:01 401800                     /usr/lib/x86_64-linux-gnu/libxml2.so.2.8.0
7f3fbfb46000-7f3fbfb47000 ---p 00156000 08:01 401800                     /usr/lib/x86_64-linux-gnu/libxml2.so.2.8.0
7f3fbfb47000-7f3fbfb4f000 r--p 00156000 08:01 401800                     /usr/lib/x86_64-linux-gnu/libxml2.so.2.8.0
7f3fbfb4f000-7f3fbfb51000 rw-p 0015e000 08:01 401800                     /usr/lib/x86_64-linux-gnu/libxml2.so.2.8.0
7f3fbfb51000-7f3fbfb52000 rw-p 00000000 00:00 0 
7f3fbfb52000-7f3fbfb89000 r-xp 00000000 08:01 403633                     /usr/lib/x86_64-linux-gnu/libcroco-0.6.so.3.0.1
7f3fbfb89000-7f3fbfd89000 ---p 00037000 08:01 403633                     /usr/lib/x86_64-linux-gnu/libcroco-0.6.so.3.0.1
7f3fbfd89000-7f3fbfd8c000 r--p 00037000 08:01 403633                     /usr/lib/x86_64-linux-gnu/libcroco-0.6.so.3.0.1
7f3fbfd8c000-7f3fbfd8d000 rw-p 0003a000 08:01 403633                     /usr/lib/x86_64-linux-gnu/libcroco-0.6.so.3.0.1
7f3fbfd8d000-7f3fbfdc2000 r-xp 00000000 08:01 403667                     /usr/lib/x86_64-linux-gnu/librsvg-2.so.2.36.1
7f3fbfdc2000-7f3fbffc1000 ---p 00035000 08:01 403667                     /usr/lib/x86_64-linux-gnu/librsvg-2.so.2.36.1
7f3fbffc1000-7f3fbffc2000 r--p 00034000 08:01 403667                     /usr/lib/x86_64-linux-gnu/librsvg-2.so.2.36.1
7f3fbffc2000-7f3fbffc3000 rw-p 00035000 08:01 403667                     /usr/lib/x86_64-linux-gnu/librsvg-2.so.2.36.1
7f3fbffcd000-7f3fbffce000 rw-p 00000000 00:00 0 
7f3fbffce000-7f3fbffd9000 r--s 0021a000 08:01 674846                     /usr/lib/jvm/java-8-oracle/jre/lib/ext/localedata.jar
7f3fbffd9000-7f3fbffdb000 r-xp 00000000 08:01 403669                     /usr/lib/x86_64-linux-gnu/gdk-pixbuf-2.0/2.10.0/loaders/libpixbufloader-svg.so
7f3fbffdb000-7f3fc01da000 ---p 00002000 08:01 403669                     /usr/lib/x86_64-linux-gnu/gdk-pixbuf-2.0/2.10.0/loaders/libpixbufloader-svg.so
7f3fc01da000-7f3fc01db000 r--p 00001000 08:01 403669                     /usr/lib/x86_64-linux-gnu/gdk-pixbuf-2.0/2.10.0/loaders/libpixbufloader-svg.so
7f3fc01db000-7f3fc01dc000 rw-p 00002000 08:01 403669                     /usr/lib/x86_64-linux-gnu/gdk-pixbuf-2.0/2.10.0/loaders/libpixbufloader-svg.so
7f3fc01dc000-7f3fc01ef000 r--p 00000000 08:01 790953                     /usr/share/fonts/opentype/cantarell/Cantarell-Regular.otf
7f3fc01ef000-7f3fc01f1000 r-xp 00000000 08:01 530740                     /usr/lib/x86_64-linux-gnu/pango/1.6.0/modules/pango-basic-fc.so
7f3fc01f1000-7f3fc03f0000 ---p 00002000 08:01 530740                     /usr/lib/x86_64-linux-gnu/pango/1.6.0/modules/pango-basic-fc.so
7f3fc03f0000-7f3fc03f1000 r--p 00001000 08:01 530740                     /usr/lib/x86_64-linux-gnu/pango/1.6.0/modules/pango-basic-fc.so
7f3fc03f1000-7f3fc03f2000 rw-p 00002000 08:01 530740                     /usr/lib/x86_64-linux-gnu/pango/1.6.0/modules/pango-basic-fc.so
7f3fc03f2000-7f3fc03f5000 r--p 00000000 08:01 403751                     /usr/share/locale/fr/LC_MESSAGES/atk10.mo
7f3fc03f5000-7f3fc03f6000 ---p 00000000 00:00 0 
7f3fc03f6000-7f3fc0bf6000 rw-p 00000000 00:00 0 
7f3fc0bf6000-7f3fc0c15000 r--s 00000000 08:01 794625                     /usr/share/mime/mime.cache
7f3fc0c15000-7f3fc2004000 r--p 00000000 08:01 800941                     /usr/share/icons/hicolor/icon-theme.cache
7f3fc2004000-7f3fc67c7000 r--p 00000000 08:01 794639                     /usr/share/icons/gnome/icon-theme.cache
7f3fc67c7000-7f3fc67d7000 r-xp 00000000 08:01 414168                     /usr/lib/x86_64-linux-gnu/gio/modules/libgioremote-volume-monitor.so
7f3fc67d7000-7f3fc69d7000 ---p 00010000 08:01 414168                     /usr/lib/x86_64-linux-gnu/gio/modules/libgioremote-volume-monitor.so
7f3fc69d7000-7f3fc69d8000 r--p 00010000 08:01 414168                     /usr/lib/x86_64-linux-gnu/gio/modules/libgioremote-volume-monitor.so
7f3fc69d8000-7f3fc69d9000 rw-p 00011000 08:01 414168                     /usr/lib/x86_64-linux-gnu/gio/modules/libgioremote-volume-monitor.so
7f3fc69d9000-7f3fc6a07000 r-xp 00000000 08:01 410194                     /usr/lib/x86_64-linux-gnu/libbluray.so.1.1.0
7f3fc6a07000-7f3fc6c07000 ---p 0002e000 08:01 410194                     /usr/lib/x86_64-linux-gnu/libbluray.so.1.1.0
7f3fc6c07000-7f3fc6c08000 r--p 0002e000 08:01 410194                     /usr/lib/x86_64-linux-gnu/libbluray.so.1.1.0
7f3fc6c08000-7f3fc6c09000 rw-p 0002f000 08:01 410194                     /usr/lib/x86_64-linux-gnu/libbluray.so.1.1.0
7f3fc6c09000-7f3fc6c0b000 r-xp 00000000 08:01 912153                     /lib/x86_64-linux-gnu/libutil-2.13.so
7f3fc6c0b000-7f3fc6e0a000 ---p 00002000 08:01 912153                     /lib/x86_64-linux-gnu/libutil-2.13.so
7f3fc6e0a000-7f3fc6e0b000 r--p 00001000 08:01 912153                     /lib/x86_64-linux-gnu/libutil-2.13.so
7f3fc6e0b000-7f3fc6e0c000 rw-p 00002000 08:01 912153                     /lib/x86_64-linux-gnu/libutil-2.13.so
7f3fc6e0c000-7f3fc6e19000 r-xp 00000000 08:01 912458                     /lib/x86_64-linux-gnu/libudev.so.0.13.0
7f3fc6e19000-7f3fc7019000 ---p 0000d000 08:01 912458                     /lib/x86_64-linux-gnu/libudev.so.0.13.0
7f3fc7019000-7f3fc701a000 r--p 0000d000 08:01 912458                     /lib/x86_64-linux-gnu/libudev.so.0.13.0
7f3fc701a000-7f3fc701b000 rw-p 0000e000 08:01 912458                     /lib/x86_64-linux-gnu/libudev.so.0.13.0
7f3fc701b000-7f3fc705f000 r-xp 00000000 08:01 916094                     /lib/x86_64-linux-gnu/libdbus-1.so.3.7.2
7f3fc705f000-7f3fc725f000 ---p 00044000 08:01 916094                     /lib/x86_64-linux-gnu/libdbus-1.so.3.7.2
7f3fc725f000-7f3fc7260000 r--p 00044000 08:01 916094                     /lib/x86_64-linux-gnu/libdbus-1.so.3.7.2
7f3fc7260000-7f3fc7261000 rw-p 00045000 08:01 916094                     /lib/x86_64-linux-gnu/libdbus-1.so.3.7.2
7f3fc7261000-7f3fc7271000 r--p 00000000 08:01 790952                     /usr/share/fonts/opentype/cantarell/Cantarell-Bold.otf
7f3fc7271000-7f3fc7277000 r--p 00000000 08:01 403593                     /usr/share/locale/fr/LC_MESSAGES/gdk-pixbuf.mo
7f3fc7277000-7f3fc728f000 r-xp 00000000 08:01 414156                     /usr/lib/x86_64-linux-gnu/gvfs/libgvfscommon.so
7f3fc728f000-7f3fc748e000 ---p 00018000 08:01 414156                     /usr/lib/x86_64-linux-gnu/gvfs/libgvfscommon.so
7f3fc748e000-7f3fc748f000 r--p 00017000 08:01 414156                     /usr/lib/x86_64-linux-gnu/gvfs/libgvfscommon.so
7f3fc748f000-7f3fc7490000 rw-p 00018000 08:01 414156                     /usr/lib/x86_64-linux-gnu/gvfs/libgvfscommon.so
7f3fc7490000-7f3fc74b9000 r-xp 00000000 08:01 414167                     /usr/lib/x86_64-linux-gnu/gio/modules/libgvfsdbus.so
7f3fc74b9000-7f3fc76b9000 ---p 00029000 08:01 414167                     /usr/lib/x86_64-linux-gnu/gio/modules/libgvfsdbus.so
7f3fc76b9000-7f3fc76ba000 r--p 00029000 08:01 414167                     /usr/lib/x86_64-linux-gnu/gio/modules/libgvfsdbus.so
7f3fc76ba000-7f3fc76bb000 rw-p 0002a000 08:01 414167                     /usr/lib/x86_64-linux-gnu/gio/modules/libgvfsdbus.so
7f3fc76bb000-7f3fc76d4000 r--p 00000000 08:01 409703                     /usr/share/locale/fr/LC_MESSAGES/glib20.mo
7f3fc76d4000-7f3fc78d4000 rw-p 00000000 00:00 0 
7f3fc78d4000-7f3fc78d5000 r--p 00000000 00:00 0 
7f3fc78d5000-7f3fc78e8000 r--s 00345000 08:01 674810                     /usr/lib/jvm/java-8-oracle/jre/lib/resources.jar
7f3fc78e8000-7f3fc7ae8000 rw-p 00000000 00:00 0 
7f3fc7ae8000-7f3fc7aeb000 ---p 00000000 00:00 0 
7f3fc7aeb000-7f3fc7be9000 rw-p 00000000 00:00 0 
7f3fc7be9000-7f3fc7cad000 r-xp 00000000 08:01 3333                       /usr/lib/jvm/java-8-oracle/jre/lib/amd64/libjavafx_font_t2k.so
7f3fc7cad000-7f3fc7eac000 ---p 000c4000 08:01 3333                       /usr/lib/jvm/java-8-oracle/jre/lib/amd64/libjavafx_font_t2k.so
7f3fc7eac000-7f3fc7eb4000 r--p 000c3000 08:01 3333                       /usr/lib/jvm/java-8-oracle/jre/lib/amd64/libjavafx_font_t2k.so
7f3fc7eb4000-7f3fc7eb6000 rw-p 000cb000 08:01 3333                       /usr/lib/jvm/java-8-oracle/jre/lib/amd64/libjavafx_font_t2k.so
7f3fc7eb6000-7f3fc7eb7000 rw-p 00000000 00:00 0 
7f3fc7eb7000-7f3fc7eb8000 r--s 00000000 08:01 794732                     /var/cache/fontconfig/c05880de57d1f5e948fdfacc138775d9-le64.cache-3
7f3fc7eb8000-7f3fc7ec1000 r--s 00000000 08:01 794710                     /var/cache/fontconfig/945677eb7aeaf62f1d50efc3fb3ec7d8-le64.cache-3
7f3fc7ec1000-7f3fc7ec3000 r--s 00000000 08:01 795198                     /var/cache/fontconfig/99e8ed0e538f840c565b6ed5dad60d56-le64.cache-3
7f3fc7ec3000-7f3fc7ec8000 r--s 00000000 08:01 794730                     /var/cache/fontconfig/6eb3985aa4124903f6ff08ba781cd364-le64.cache-3
7f3fc7ec8000-7f3fc7ed1000 r--s 00000000 08:01 794729                     /var/cache/fontconfig/6d41288fd70b0be22e8c3a91e032eec0-le64.cache-3
7f3fc7ed1000-7f3fc7ed2000 r--s 00000000 08:01 795058                     /var/cache/fontconfig/14a5e22175779b556eaa434240950366-le64.cache-3
7f3fc7ed2000-7f3fc7ed3000 r--s 00000000 08:01 795057                     /var/cache/fontconfig/4f3e3037c9980c83b53a9351efadef62-le64.cache-3
7f3fc7ed3000-7f3fc7ed4000 r--s 00000000 08:01 794728                     /var/cache/fontconfig/4794a0821666d79190d59a36cb4f44b5-le64.cache-3
7f3fc7ed4000-7f3fc7ed7000 r--s 00000000 08:01 795056                     /var/cache/fontconfig/a015930274ffcd967d2ca1b57da47cc7-le64.cache-3
7f3fc7ed7000-7f3fc7eda000 r--s 00000000 08:01 794727                     /var/cache/fontconfig/c57959a16110560c8d0fcea73374aeeb-le64.cache-3
7f3fc7eda000-7f3fc7edb000 r--s 00000000 08:01 795055                     /var/cache/fontconfig/b872e6e592da6075ffa4ab0a1fcc0c75-le64.cache-3
7f3fc7edb000-7f3fc7edc000 r--s 00000000 08:01 795054                     /var/cache/fontconfig/589f83ef4c36d296ce6e1c846f468f08-le64.cache-3
7f3fc7edc000-7f3fc7edd000 r--s 00000000 08:01 795053                     /var/cache/fontconfig/bab58bb527bb656aaa9f116d68a48d89-le64.cache-3
7f3fc7edd000-7f3fc7ede000 r--s 00000000 08:01 795052                     /var/cache/fontconfig/2171a34dccabdb6bcbbc728186263178-le64.cache-3
7f3fc7ede000-7f3fc7edf000 r--s 00000000 08:01 795051                     /var/cache/fontconfig/c5c45a61289222e0d30b1a26ef4effbe-le64.cache-3
7f3fc7edf000-7f3fc7ee0000 r--s 00000000 08:01 795050                     /var/cache/fontconfig/aec30016f93e1b46d1a973dce0d74068-le64.cache-3
7f3fc7ee0000-7f3fc7ee1000 r--s 00000000 08:01 795049                     /var/cache/fontconfig/3f589640d34b7dc9042c8d453f7c8b9c-le64.cache-3
7f3fc7ee1000-7f3fc7ee2000 r--s 00000000 08:01 795048                     /var/cache/fontconfig/16c2fda60d1b4b719f4b3d06fd951d25-le64.cache-3
7f3fc7ee2000-7f3fc7ee3000 r--s 00000000 08:01 795047                     /var/cache/fontconfig/a48eab177a16e4f3713381162db2f3e9-le64.cache-3
7f3fc7ee3000-7f3fc7ee4000 r--s 00000000 08:01 795046                     /var/cache/fontconfig/564b2e68ac9bc4e36a6f7f6d6125ec1c-le64.cache-3
7f3fc7ee4000-7f3fc7ee9000 r--s 00000000 08:01 794726                     /var/cache/fontconfig/3047814df9a2f067bd2d96a2b9c36e5a-le64.cache-3
7f3fc7ee9000-7f3fc7eec000 r--s 00000000 08:01 794725                     /var/cache/fontconfig/e49e89034d371f0f9de17aab02136486-le64.cache-3
7f3fc7eec000-7f3fc7eee000 r--s 00000000 08:01 794724                     /var/cache/fontconfig/4b14b093aebc79c320de5e86ae1d3314-le64.cache-3
7f3fc7eee000-7f3fc7eff000 r--s 00000000 08:01 801382                     /var/cache/fontconfig/d52a8644073d54c13679302ca1180695-le64.cache-3
7f3fc7eff000-7f3fc7f00000 r--s 00000000 08:01 795045                     /var/cache/fontconfig/370e5b74bf5dafc30834de68e24a87a4-le64.cache-3
7f3fc7f00000-7f3fc7f01000 r--s 00000000 08:01 795044                     /var/cache/fontconfig/9e300358e2f63febb098183e8e032af6-le64.cache-3
7f3fc7f01000-7f3fc7f02000 r--s 00000000 08:01 795043                     /var/cache/fontconfig/6b2c5944714ca7831b25bed9e85cb5c8-le64.cache-3
7f3fc7f02000-7f3fc7f03000 r--s 00000000 08:01 795042                     /var/cache/fontconfig/0effc90d0106505626632cd26e63bb45-le64.cache-3
7f3fc7f03000-7f3fc7f04000 r--s 00000000 08:01 795041                     /var/cache/fontconfig/b778cd948d870ea7ed802a3b53692293-le64.cache-3
7f3fc7f04000-7f3fc7f07000 r--s 00000000 08:01 795040                     /var/cache/fontconfig/8de269a375a9a10cf5084420fcfd985a-le64.cache-3
7f3fc7f07000-7f3fc7f08000 r--s 00000000 08:01 795039                     /var/cache/fontconfig/551ecf3b0e8b0bca0f25c0944f561853-le64.cache-3
7f3fc7f08000-7f3fc7f0a000 r--s 00000000 08:01 795038                     /var/cache/fontconfig/f259c2cffa685e28062317905db73c4a-le64.cache-3
7f3fc7f0a000-7f3fc7f0c000 r--s 00000000 08:01 795037                     /var/cache/fontconfig/550f3886151c940c12a5ed35f6a00586-le64.cache-3
7f3fc7f0c000-7f3fc7f0f000 r--s 00000000 08:01 795036                     /var/cache/fontconfig/674d1711f2d1d2a09646eb0bdcadee49-le64.cache-3
7f3fc7f0f000-7f3fc7f16000 r--s 00000000 08:01 794709                     /var/cache/fontconfig/3f7329c5293ffd510edef78f73874cfd-le64.cache-3
7f3fc7f16000-7f3fc7f17000 r--s 00000000 08:01 795035                     /var/cache/fontconfig/f6e6e0a5c3d2f6ae0c0c2e0ecd42a997-le64.cache-3
7f3fc7f17000-7f3fc7f21000 r--s 00000000 08:01 794722                     /var/cache/fontconfig/83bf95040141907cd45bb53cf7c1c148-le64.cache-3
7f3fc7f21000-7f3fc7f25000 r--s 00000000 08:01 795034                     /var/cache/fontconfig/6c08beecf0dac481ec92e759e0c2e6d7-le64.cache-3
7f3fc7f25000-7f3fc7f29000 r--s 00000000 08:01 794723                     /var/cache/fontconfig/4d6aee6d44eccb37054d3216e945f618-le64.cache-3
7f3fc7f29000-7f3fc7f3c000 r--s 00000000 08:01 800920                     /var/cache/fontconfig/e13b20fdb08344e0e664864cc2ede53d-le64.cache-3
7f3fc7f3c000-7f3fc7f40000 r--s 00000000 08:01 801381                     /var/cache/fontconfig/7ef2298fde41cc6eeb7af42e48b7d293-le64.cache-3
7f3fc7f40000-7f3fc8140000 rw-p 00000000 00:00 0 
7f3fc8140000-7f3fc8143000 r-xp 00000000 08:01 3298                       /usr/lib/jvm/java-8-oracle/jre/lib/amd64/libjavafx_font.so
7f3fc8143000-7f3fc8342000 ---p 00003000 08:01 3298                       /usr/lib/jvm/java-8-oracle/jre/lib/amd64/libjavafx_font.so
7f3fc8342000-7f3fc8343000 r--p 00002000 08:01 3298                       /usr/lib/jvm/java-8-oracle/jre/lib/amd64/libjavafx_font.so
7f3fc8343000-7f3fc8344000 rw-p 00003000 08:01 3298                       /usr/lib/jvm/java-8-oracle/jre/lib/amd64/libjavafx_font.so
7f3fc8344000-7f3fc8544000 rw-p 00000000 00:00 0 
7f3fc8544000-7f3fc8555000 r--s 000bf000 08:01 940677                     /home/jpc/.m2/repository/org/controlsfx/controlsfx/8.0.6/controlsfx-8.0.6.jar
7f3fc8555000-7f3fc857d000 r--s 00241000 08:01 940469                     /home/jpc/.m2/repository/net/sf/trove4j/trove4j/3.0.3/trove4j-3.0.3.jar
7f3fc857d000-7f3fc8596000 r--s 00132000 08:01 940551                     /home/jpc/.m2/repository/choco/choco-solver/3.2.0/choco-solver-3.2.0.jar
7f3fc8596000-7f3fc8599000 ---p 00000000 00:00 0 
7f3fc8599000-7f3fc8697000 rw-p 00000000 00:00 0 
7f3fc8697000-7f3fc869a000 ---p 00000000 00:00 0 
7f3fc869a000-7f3fc8798000 rw-p 00000000 00:00 0 
7f3fc8798000-7f3fc879b000 ---p 00000000 00:00 0 
7f3fc879b000-7f3fc8899000 rw-p 00000000 00:00 0 
7f3fc8899000-7f3fc88a1000 r-xp 00000000 08:01 912135                     /lib/x86_64-linux-gnu/libcrypt-2.13.so
7f3fc88a1000-7f3fc8aa0000 ---p 00008000 08:01 912135                     /lib/x86_64-linux-gnu/libcrypt-2.13.so
7f3fc8aa0000-7f3fc8aa1000 r--p 00007000 08:01 912135                     /lib/x86_64-linux-gnu/libcrypt-2.13.so
7f3fc8aa1000-7f3fc8aa2000 rw-p 00008000 08:01 912135                     /lib/x86_64-linux-gnu/libcrypt-2.13.so
7f3fc8aa2000-7f3fc8ad0000 rw-p 00000000 00:00 0 
7f3fc8ad0000-7f3fc8ad9000 r-xp 00000000 08:01 402289                     /usr/lib/x86_64-linux-gnu/libltdl.so.7.3.0
7f3fc8ad9000-7f3fc8cd8000 ---p 00009000 08:01 402289                     /usr/lib/x86_64-linux-gnu/libltdl.so.7.3.0
7f3fc8cd8000-7f3fc8cd9000 rw-p 00008000 08:01 402289                     /usr/lib/x86_64-linux-gnu/libltdl.so.7.3.0
7f3fc8cd9000-7f3fc8cea000 r-xp 00000000 08:01 404744                     /usr/lib/x86_64-linux-gnu/libtdb.so.1.2.10
7f3fc8cea000-7f3fc8ee9000 ---p 00011000 08:01 404744                     /usr/lib/x86_64-linux-gnu/libtdb.so.1.2.10
7f3fc8ee9000-7f3fc8eea000 rw-p 00010000 08:01 404744                     /usr/lib/x86_64-linux-gnu/libtdb.so.1.2.10
7f3fc8eea000-7f3fc8ef0000 r-xp 00000000 08:01 404742                     /usr/lib/x86_64-linux-gnu/libogg.so.0.8.0
7f3fc8ef0000-7f3fc90ef000 ---p 00006000 08:01 404742                     /usr/lib/x86_64-linux-gnu/libogg.so.0.8.0
7f3fc90ef000-7f3fc90f0000 rw-p 00005000 08:01 404742                     /usr/lib/x86_64-linux-gnu/libogg.so.0.8.0
7f3fc90f0000-7f3fc911c000 r-xp 00000000 08:01 404746                     /usr/lib/x86_64-linux-gnu/libvorbis.so.0.4.5
7f3fc911c000-7f3fc931b000 ---p 0002c000 08:01 404746                     /usr/lib/x86_64-linux-gnu/libvorbis.so.0.4.5
7f3fc931b000-7f3fc931c000 r--p 0002b000 08:01 404746                     /usr/lib/x86_64-linux-gnu/libvorbis.so.0.4.5
7f3fc931c000-7f3fc931d000 rw-p 0002c000 08:01 404746                     /usr/lib/x86_64-linux-gnu/libvorbis.so.0.4.5
7f3fc931d000-7f3fc9325000 r-xp 00000000 08:01 404749                     /usr/lib/x86_64-linux-gnu/libvorbisfile.so.3.3.4
7f3fc9325000-7f3fc9524000 ---p 00008000 08:01 404749                     /usr/lib/x86_64-linux-gnu/libvorbisfile.so.3.3.4
7f3fc9524000-7f3fc9525000 r--p 00007000 08:01 404749                     /usr/lib/x86_64-linux-gnu/libvorbisfile.so.3.3.4
7f3fc9525000-7f3fc9526000 rw-p 00008000 08:01 404749                     /usr/lib/x86_64-linux-gnu/libvorbisfile.so.3.3.4
7f3fc9526000-7f3fc952a000 r-xp 00000000 08:01 408002                     /usr/lib/x86_64-linux-gnu/libcanberra-gtk.so.0.1.8
7f3fc952a000-7f3fc9729000 ---p 00004000 08:01 408002                     /usr/lib/x86_64-linux-gnu/libcanberra-gtk.so.0.1.8
7f3fc9729000-7f3fc972a000 r--p 00003000 08:01 408002                     /usr/lib/x86_64-linux-gnu/libcanberra-gtk.so.0.1.8
7f3fc972a000-7f3fc972b000 rw-p 00004000 08:01 408002                     /usr/lib/x86_64-linux-gnu/libcanberra-gtk.so.0.1.8
7f3fc972b000-7f3fc973b000 r-xp 00000000 08:01 404754                     /usr/lib/x86_64-linux-gnu/libcanberra.so.0.2.5
7f3fc973b000-7f3fc993a000 ---p 00010000 08:01 404754                     /usr/lib/x86_64-linux-gnu/libcanberra.so.0.2.5
7f3fc993a000-7f3fc993b000 r--p 0000f000 08:01 404754                     /usr/lib/x86_64-linux-gnu/libcanberra.so.0.2.5
7f3fc993b000-7f3fc993c000 rw-p 00010000 08:01 404754                     /usr/lib/x86_64-linux-gnu/libcanberra.so.0.2.5
7f3fc993c000-7f3fc993d000 r--s 00000000 08:01 794708                     /var/cache/fontconfig/62f91419b9ebdb6975e7e41ab6412357-le64.cache-3
7f3fc993d000-7f3fc9940000 r--s 00011000 08:01 940562                     /home/jpc/.m2/repository/args4j/args4j/2.0.28/args4j-2.0.28.jar
7f3fc9940000-7f3fc9946000 r--s 0003d000 08:01 940561                     /home/jpc/.m2/repository/ch/qos/logback/logback-classic/1.1.2/logback-classic-1.1.2.jar
7f3fc9946000-7f3fc9950000 r--s 0005f000 08:01 940560                     /home/jpc/.m2/repository/ch/qos/logback/logback-core/1.1.2/logback-core-1.1.2.jar
7f3fc9950000-7f3fc9952000 r--s 00006000 08:01 940559                     /home/jpc/.m2/repository/org/slf4j/slf4j-api/1.7.7/slf4j-api-1.7.7.jar
7f3fc9952000-7f3fc9957000 r-xp 00000000 08:01 537314                     /usr/lib/x86_64-linux-gnu/gtk-2.0/modules/libcanberra-gtk-module.so
7f3fc9957000-7f3fc9b56000 ---p 00005000 08:01 537314                     /usr/lib/x86_64-linux-gnu/gtk-2.0/modules/libcanberra-gtk-module.so
7f3fc9b56000-7f3fc9b57000 r--p 00004000 08:01 537314                     /usr/lib/x86_64-linux-gnu/gtk-2.0/modules/libcanberra-gtk-module.so
7f3fc9b57000-7f3fc9b58000 rw-p 00005000 08:01 537314                     /usr/lib/x86_64-linux-gnu/gtk-2.0/modules/libcanberra-gtk-module.so
7f3fc9b58000-7f3fc9b83000 r-xp 00000000 08:01 417501                     /usr/lib/x86_64-linux-gnu/gtk-2.0/2.10.0/engines/libclearlooks.so
7f3fc9b83000-7f3fc9d82000 ---p 0002b000 08:01 417501                     /usr/lib/x86_64-linux-gnu/gtk-2.0/2.10.0/engines/libclearlooks.so
7f3fc9d82000-7f3fc9d83000 r--p 0002a000 08:01 417501                     /usr/lib/x86_64-linux-gnu/gtk-2.0/2.10.0/engines/libclearlooks.so
7f3fc9d83000-7f3fc9d84000 rw-p 0002b000 08:01 417501                     /usr/lib/x86_64-linux-gnu/gtk-2.0/2.10.0/engines/libclearlooks.so
7f3fc9d84000-7f3fc9dae000 r--p 00000000 08:01 405543                     /usr/share/locale/fr/LC_MESSAGES/gtk20-properties.mo
7f3fc9dae000-7f3fc9dd1000 r--p 00000000 08:01 397548                     /usr/share/locale/fr/LC_MESSAGES/libc.mo
7f3fc9dd1000-7f3fc9df9000 r-xp 00000000 08:01 3297                       /usr/lib/jvm/java-8-oracle/jre/lib/amd64/libglass.so
7f3fc9df9000-7f3fc9ff8000 ---p 00028000 08:01 3297                       /usr/lib/jvm/java-8-oracle/jre/lib/amd64/libglass.so
7f3fc9ff8000-7f3fc9ffa000 r--p 00027000 08:01 3297                       /usr/lib/jvm/java-8-oracle/jre/lib/amd64/libglass.so
7f3fc9ffa000-7f3fc9ffb000 rw-p 00029000 08:01 3297                       /usr/lib/jvm/java-8-oracle/jre/lib/amd64/libglass.so
7f3fc9ffb000-7f3fca00e000 r-xp 00000000 08:01 3280                       /usr/lib/jvm/java-8-oracle/jre/lib/amd64/libprism_sw.so
7f3fca00e000-7f3fca20d000 ---p 00013000 08:01 3280                       /usr/lib/jvm/java-8-oracle/jre/lib/amd64/libprism_sw.so
7f3fca20d000-7f3fca20e000 r--p 00012000 08:01 3280                       /usr/lib/jvm/java-8-oracle/jre/lib/amd64/libprism_sw.so
7f3fca20e000-7f3fca20f000 rw-p 00013000 08:01 3280                       /usr/lib/jvm/java-8-oracle/jre/lib/amd64/libprism_sw.so
7f3fca20f000-7f3fd220f000 rw-s e0000000 00:05 6167                       /dev/dri/card0
7f3fd220f000-7f3fd2f2b000 r-xp 00000000 08:01 397828                     /usr/lib/x86_64-linux-gnu/dri/swrast_dri.so
7f3fd2f2b000-7f3fd312a000 ---p 00d1c000 08:01 397828                     /usr/lib/x86_64-linux-gnu/dri/swrast_dri.so
7f3fd312a000-7f3fd31a5000 rw-p 00d1b000 08:01 397828                     /usr/lib/x86_64-linux-gnu/dri/swrast_dri.so
7f3fd31a5000-7f3fd348f000 rw-p 00000000 00:00 0 
7f3fd348f000-7f3fd3490000 ---p 00000000 00:00 0 
7f3fd3490000-7f3fd3510000 rw-p 00000000 00:00 0 
7f3fd3510000-7f3fd3511000 ---p 00000000 00:00 0 
7f3fd3511000-7f3fd3531000 rw-p 00000000 00:00 0 
7f3fd3531000-7f3fd3539000 r-xp 00000000 08:01 406567                     /usr/lib/VBoxOGLpassthroughspu.so
7f3fd3539000-7f3fd3739000 ---p 00008000 08:01 406567                     /usr/lib/VBoxOGLpassthroughspu.so
7f3fd3739000-7f3fd373a000 rw-p 00008000 08:01 406567                     /usr/lib/VBoxOGLpassthroughspu.so
7f3fd373a000-7f3fd373c000 rw-p 00000000 00:00 0 
7f3fd373c000-7f3fd37f5000 r-xp 00000000 08:01 408793                     /usr/lib/VBoxOGLfeedbackspu.so
7f3fd37f5000-7f3fd39f4000 ---p 000b9000 08:01 408793                     /usr/lib/VBoxOGLfeedbackspu.so
7f3fd39f4000-7f3fd39f6000 rw-p 000b8000 08:01 408793                     /usr/lib/VBoxOGLfeedbackspu.so
7f3fd39f6000-7f3fd3f01000 rw-p 00000000 00:00 0 
7f3fd3f01000-7f3fd3f23000 r-xp 00000000 08:01 406566                     /usr/lib/VBoxOGLerrorspu.so
7f3fd3f23000-7f3fd4123000 ---p 00022000 08:01 406566                     /usr/lib/VBoxOGLerrorspu.so
7f3fd4123000-7f3fd4126000 rw-p 00022000 08:01 406566                     /usr/lib/VBoxOGLerrorspu.so
7f3fd4126000-7f3fd4277000 r-xp 00000000 08:01 406569                     /usr/lib/VBoxOGLpackspu.so
7f3fd4277000-7f3fd4476000 ---p 00151000 08:01 406569                     /usr/lib/VBoxOGLpackspu.so
7f3fd4476000-7f3fd447b000 rw-p 00150000 08:01 406569                     /usr/lib/VBoxOGLpackspu.so
7f3fd447b000-7f3fd44b9000 rw-p 00000000 00:00 0 
7f3fd44b9000-7f3fd44da000 r-xp 00000000 08:01 406568                     /usr/lib/VBoxOGLcrutil.so
7f3fd44da000-7f3fd46d9000 ---p 00021000 08:01 406568                     /usr/lib/VBoxOGLcrutil.so
7f3fd46d9000-7f3fd46da000 rw-p 00020000 08:01 406568                     /usr/lib/VBoxOGLcrutil.so
7f3fd46da000-7f3fd46e4000 rw-p 00000000 00:00 0 
7f3fd46e4000-7f3fd47e2000 r-xp 00000000 08:01 406565                     /usr/lib/VBoxOGL.so
7f3fd47e2000-7f3fd49e1000 ---p 000fe000 08:01 406565                     /usr/lib/VBoxOGL.so
7f3fd49e1000-7f3fd49f7000 rw-p 000fd000 08:01 406565                     /usr/lib/VBoxOGL.so
7f3fd49f7000-7f3fd4a00000 rw-p 00000000 00:00 0 
7f3fd4a00000-7f3fd4a05000 r-xp 00000000 08:01 394345                     /usr/lib/x86_64-linux-gnu/libXdmcp.so.6.0.0
7f3fd4a05000-7f3fd4c04000 ---p 00005000 08:01 394345                     /usr/lib/x86_64-linux-gnu/libXdmcp.so.6.0.0
7f3fd4c04000-7f3fd4c05000 rw-p 00004000 08:01 394345                     /usr/lib/x86_64-linux-gnu/libXdmcp.so.6.0.0
7f3fd4c05000-7f3fd4c07000 r-xp 00000000 08:01 394338                     /usr/lib/x86_64-linux-gnu/libXau.so.6.0.0
7f3fd4c07000-7f3fd4e07000 ---p 00002000 08:01 394338                     /usr/lib/x86_64-linux-gnu/libXau.so.6.0.0
7f3fd4e07000-7f3fd4e08000 rw-p 00002000 08:01 394338                     /usr/lib/x86_64-linux-gnu/libXau.so.6.0.0
7f3fd4e08000-7f3fd4e13000 r-xp 00000000 08:01 394224                     /usr/lib/x86_64-linux-gnu/libdrm.so.2.4.0
7f3fd4e13000-7f3fd5012000 ---p 0000b000 08:01 394224                     /usr/lib/x86_64-linux-gnu/libdrm.so.2.4.0
7f3fd5012000-7f3fd5013000 r--p 0000a000 08:01 394224                     /usr/lib/x86_64-linux-gnu/libdrm.so.2.4.0
7f3fd5013000-7f3fd5014000 rw-p 0000b000 08:01 394224                     /usr/lib/x86_64-linux-gnu/libdrm.so.2.4.0
7f3fd5014000-7f3fd502a000 r-xp 00000000 08:01 403861                     /usr/lib/x86_64-linux-gnu/libxcb-glx.so.0.0.0
7f3fd502a000-7f3fd5229000 ---p 00016000 08:01 403861                     /usr/lib/x86_64-linux-gnu/libxcb-glx.so.0.0.0
7f3fd5229000-7f3fd522b000 r--p 00015000 08:01 403861                     /usr/lib/x86_64-linux-gnu/libxcb-glx.so.0.0.0
7f3fd522b000-7f3fd522c000 rw-p 00017000 08:01 403861                     /usr/lib/x86_64-linux-gnu/libxcb-glx.so.0.0.0
7f3fd522c000-7f3fd522d000 r-xp 00000000 08:01 403859                     /usr/lib/x86_64-linux-gnu/libX11-xcb.so.1.0.0
7f3fd522d000-7f3fd542c000 ---p 00001000 08:01 403859                     /usr/lib/x86_64-linux-gnu/libX11-xcb.so.1.0.0
7f3fd542c000-7f3fd542d000 rw-p 00000000 08:01 403859                     /usr/lib/x86_64-linux-gnu/libX11-xcb.so.1.0.0
7f3fd542d000-7f3fd544e000 r-xp 00000000 08:01 403857                     /usr/lib/x86_64-linux-gnu/libglapi.so.0.0.0
7f3fd544e000-7f3fd564d000 ---p 00021000 08:01 403857                     /usr/lib/x86_64-linux-gnu/libglapi.so.0.0.0
7f3fd564d000-7f3fd5650000 rw-p 00020000 08:01 403857                     /usr/lib/x86_64-linux-gnu/libglapi.so.0.0.0
7f3fd5650000-7f3fd5652000 rw-p 00000000 00:00 0 
7f3fd5652000-7f3fd568e000 r-xp 00000000 08:01 916084                     /lib/x86_64-linux-gnu/libpcre.so.3.13.1
7f3fd568e000-7f3fd588e000 ---p 0003c000 08:01 916084                     /lib/x86_64-linux-gnu/libpcre.so.3.13.1
7f3fd588e000-7f3fd588f000 rw-p 0003c000 08:01 916084                     /lib/x86_64-linux-gnu/libpcre.so.3.13.1
7f3fd588f000-7f3fd589b000 r-xp 00000000 08:01 394252                     /usr/lib/x86_64-linux-gnu/libffi.so.5.0.10
7f3fd589b000-7f3fd5a9b000 ---p 0000c000 08:01 394252                     /usr/lib/x86_64-linux-gnu/libffi.so.5.0.10
7f3fd5a9b000-7f3fd5a9c000 rw-p 0000c000 08:01 394252                     /usr/lib/x86_64-linux-gnu/libffi.so.5.0.10
7f3fd5a9c000-7f3fd5ac3000 r-xp 00000000 08:01 916035                     /lib/x86_64-linux-gnu/libexpat.so.1.6.0
7f3fd5ac3000-7f3fd5cc3000 ---p 00027000 08:01 916035                     /lib/x86_64-linux-gnu/libexpat.so.1.6.0
7f3fd5cc3000-7f3fd5cc5000 r--p 00027000 08:01 916035                     /lib/x86_64-linux-gnu/libexpat.so.1.6.0
7f3fd5cc5000-7f3fd5cc6000 rw-p 00029000 08:01 916035                     /lib/x86_64-linux-gnu/libexpat.so.1.6.0
7f3fd5cc6000-7f3fd5ce5000 r-xp 00000000 08:01 394351                     /usr/lib/x86_64-linux-gnu/libxcb.so.1.1.0
7f3fd5ce5000-7f3fd5ee4000 ---p 0001f000 08:01 394351                     /usr/lib/x86_64-linux-gnu/libxcb.so.1.1.0
7f3fd5ee4000-7f3fd5ee5000 r--p 0001e000 08:01 394351                     /usr/lib/x86_64-linux-gnu/libxcb.so.1.1.0
7f3fd5ee5000-7f3fd5ee6000 rw-p 0001f000 08:01 394351                     /usr/lib/x86_64-linux-gnu/libxcb.so.1.1.0
7f3fd5ee6000-7f3fd5eee000 r-xp 00000000 08:01 402968                     /usr/lib/x86_64-linux-gnu/libxcb-render.so.0.0.0
7f3fd5eee000-7f3fd60ee000 ---p 00008000 08:01 402968                     /usr/lib/x86_64-linux-gnu/libxcb-render.so.0.0.0
7f3fd60ee000-7f3fd60ef000 r--p 00008000 08:01 402968                     /usr/lib/x86_64-linux-gnu/libxcb-render.so.0.0.0
7f3fd60ef000-7f3fd60f0000 rw-p 00009000 08:01 402968                     /usr/lib/x86_64-linux-gnu/libxcb-render.so.0.0.0
7f3fd60f0000-7f3fd60f2000 r-xp 00000000 08:01 402973                     /usr/lib/x86_64-linux-gnu/libxcb-shm.so.0.0.0
7f3fd60f2000-7f3fd62f1000 ---p 00002000 08:01 402973                     /usr/lib/x86_64-linux-gnu/libxcb-shm.so.0.0.0
7f3fd62f1000-7f3fd62f2000 r--p 00001000 08:01 402973                     /usr/lib/x86_64-linux-gnu/libxcb-shm.so.0.0.0
7f3fd62f2000-7f3fd62f3000 rw-p 00002000 08:01 402973                     /usr/lib/x86_64-linux-gnu/libxcb-shm.so.0.0.0
7f3fd62f3000-7f3fd6373000 r-xp 00000000 08:01 394323                     /usr/lib/x86_64-linux-gnu/libpixman-1.so.0.26.0
7f3fd6373000-7f3fd6573000 ---p 00080000 08:01 394323                     /usr/lib/x86_64-linux-gnu/libpixman-1.so.0.26.0
7f3fd6573000-7f3fd6579000 rw-p 00080000 08:01 394323                     /usr/lib/x86_64-linux-gnu/libpixman-1.so.0.26.0
7f3fd6579000-7f3fd659f000 r-xp 00000000 08:01 916096                     /lib/x86_64-linux-gnu/libpng12.so.0.49.0
7f3fd659f000-7f3fd679e000 ---p 00026000 08:01 916096                     /lib/x86_64-linux-gnu/libpng12.so.0.49.0
7f3fd679e000-7f3fd679f000 r--p 00025000 08:01 916096                     /lib/x86_64-linux-gnu/libpng12.so.0.49.0
7f3fd679f000-7f3fd67a0000 rw-p 00026000 08:01 916096                     /lib/x86_64-linux-gnu/libpng12.so.0.49.0
7f3fd67a0000-7f3fd67b3000 r-xp 00000000 08:01 912133                     /lib/x86_64-linux-gnu/libresolv-2.13.so
7f3fd67b3000-7f3fd69b2000 ---p 00013000 08:01 912133                     /lib/x86_64-linux-gnu/libresolv-2.13.so
7f3fd69b2000-7f3fd69b3000 r--p 00012000 08:01 912133                     /lib/x86_64-linux-gnu/libresolv-2.13.so
7f3fd69b3000-7f3fd69b4000 rw-p 00013000 08:01 912133                     /lib/x86_64-linux-gnu/libresolv-2.13.so
7f3fd69b4000-7f3fd69b6000 rw-p 00000000 00:00 0 
7f3fd69b6000-7f3fd69d4000 r-xp 00000000 08:01 912166                     /lib/x86_64-linux-gnu/libselinux.so.1
7f3fd69d4000-7f3fd6bd3000 ---p 0001e000 08:01 912166                     /lib/x86_64-linux-gnu/libselinux.so.1
7f3fd6bd3000-7f3fd6bd4000 r--p 0001d000 08:01 912166                     /lib/x86_64-linux-gnu/libselinux.so.1
7f3fd6bd4000-7f3fd6bd5000 rw-p 0001e000 08:01 912166                     /lib/x86_64-linux-gnu/libselinux.so.1
7f3fd6bd5000-7f3fd6bd6000 rw-p 00000000 00:00 0 
7f3fd6bd6000-7f3fd6bec000 r-xp 00000000 08:01 912220                     /lib/x86_64-linux-gnu/libz.so.1.2.7
7f3fd6bec000-7f3fd6deb000 ---p 00016000 08:01 912220                     /lib/x86_64-linux-gnu/libz.so.1.2.7
7f3fd6deb000-7f3fd6dec000 r--p 00015000 08:01 912220                     /lib/x86_64-linux-gnu/libz.so.1.2.7
7f3fd6dec000-7f3fd6ded000 rw-p 00016000 08:01 912220                     /lib/x86_64-linux-gnu/libz.so.1.2.7
7f3fd6ded000-7f3fd6df7000 r-xp 00000000 08:01 404043                     /usr/lib/x86_64-linux-gnu/libXcursor.so.1.0.2
7f3fd6df7000-7f3fd6ff6000 ---p 0000a000 08:01 404043                     /usr/lib/x86_64-linux-gnu/libXcursor.so.1.0.2
7f3fd6ff6000-7f3fd6ff7000 rw-p 00009000 08:01 404043                     /usr/lib/x86_64-linux-gnu/libXcursor.so.1.0.2
7f3fd6ff7000-7f3fd6ffe000 r-xp 00000000 08:01 394446                     /usr/lib/x86_64-linux-gnu/libXrandr.so.2.2.0
7f3fd6ffe000-7f3fd71fe000 ---p 00007000 08:01 394446                     /usr/lib/x86_64-linux-gnu/libXrandr.so.2.2.0
7f3fd71fe000-7f3fd71ff000 rw-p 00007000 08:01 394446                     /usr/lib/x86_64-linux-gnu/libXrandr.so.2.2.0
7f3fd71ff000-7f3fd720d000 r-xp 00000000 08:01 404045                     /usr/lib/x86_64-linux-gnu/libXi.so.6.1.0
7f3fd720d000-7f3fd740d000 ---p 0000e000 08:01 404045                     /usr/lib/x86_64-linux-gnu/libXi.so.6.1.0
7f3fd740d000-7f3fd740e000 rw-p 0000e000 08:01 404045                     /usr/lib/x86_64-linux-gnu/libXi.so.6.1.0
7f3fd740e000-7f3fd7410000 r-xp 00000000 08:01 404047                     /usr/lib/x86_64-linux-gnu/libXinerama.so.1.0.0
7f3fd7410000-7f3fd760f000 ---p 00002000 08:01 404047                     /usr/lib/x86_64-linux-gnu/libXinerama.so.1.0.0
7f3fd760f000-7f3fd7610000 rw-p 00001000 08:01 404047                     /usr/lib/x86_64-linux-gnu/libXinerama.so.1.0.0
7f3fd7610000-7f3fd7619000 r-xp 00000000 08:01 394440                     /usr/lib/x86_64-linux-gnu/libXrender.so.1.3.0
7f3fd7619000-7f3fd7818000 ---p 00009000 08:01 394440                     /usr/lib/x86_64-linux-gnu/libXrender.so.1.3.0
7f3fd7818000-7f3fd7819000 rw-p 00008000 08:01 394440                     /usr/lib/x86_64-linux-gnu/libXrender.so.1.3.0
7f3fd7819000-7f3fd782a000 r-xp 00000000 08:01 394372                     /usr/lib/x86_64-linux-gnu/libXext.so.6.4.0
7f3fd782a000-7f3fd7a2a000 ---p 00011000 08:01 394372                     /usr/lib/x86_64-linux-gnu/libXext.so.6.4.0
7f3fd7a2a000-7f3fd7a2b000 rw-p 00011000 08:01 394372                     /usr/lib/x86_64-linux-gnu/libXext.so.6.4.0
7f3fd7a2b000-7f3fd7a30000 r-xp 00000000 08:01 394415                     /usr/lib/x86_64-linux-gnu/libXfixes.so.3.1.0
7f3fd7a30000-7f3fd7c2f000 ---p 00005000 08:01 394415                     /usr/lib/x86_64-linux-gnu/libXfixes.so.3.1.0
7f3fd7c2f000-7f3fd7c30000 r--p 00004000 08:01 394415                     /usr/lib/x86_64-linux-gnu/libXfixes.so.3.1.0
7f3fd7c30000-7f3fd7c31000 rw-p 00005000 08:01 394415                     /usr/lib/x86_64-linux-gnu/libXfixes.so.3.1.0
7f3fd7c31000-7f3fd7c33000 r-xp 00000000 08:01 394421                     /usr/lib/x86_64-linux-gnu/libXdamage.so.1.1.0
7f3fd7c33000-7f3fd7e32000 ---p 00002000 08:01 394421                     /usr/lib/x86_64-linux-gnu/libXdamage.so.1.1.0
7f3fd7e32000-7f3fd7e33000 rw-p 00001000 08:01 394421                     /usr/lib/x86_64-linux-gnu/libXdamage.so.1.1.0
7f3fd7e33000-7f3fd7e35000 r-xp 00000000 08:01 394408                     /usr/lib/x86_64-linux-gnu/libXcomposite.so.1.0.0
7f3fd7e35000-7f3fd8034000 ---p 00002000 08:01 394408                     /usr/lib/x86_64-linux-gnu/libXcomposite.so.1.0.0
7f3fd8034000-7f3fd8035000 rw-p 00001000 08:01 394408                     /usr/lib/x86_64-linux-gnu/libXcomposite.so.1.0.0
7f3fd8035000-7f3fd804a000 r-xp 00000000 08:01 912132                     /lib/x86_64-linux-gnu/libgcc_s.so.1
7f3fd804a000-7f3fd824a000 ---p 00015000 08:01 912132                     /lib/x86_64-linux-gnu/libgcc_s.so.1
7f3fd824a000-7f3fd824b000 rw-p 00015000 08:01 912132                     /lib/x86_64-linux-gnu/libgcc_s.so.1
7f3fd824b000-7f3fd8333000 r-xp 00000000 08:01 394930                     /usr/lib/x86_64-linux-gnu/libstdc++.so.6.0.17
7f3fd8333000-7f3fd8533000 ---p 000e8000 08:01 394930                     /usr/lib/x86_64-linux-gnu/libstdc++.so.6.0.17
7f3fd8533000-7f3fd853b000 r--p 000e8000 08:01 394930                     /usr/lib/x86_64-linux-gnu/libstdc++.so.6.0.17
7f3fd853b000-7f3fd853d000 rw-p 000f0000 08:01 394930                     /usr/lib/x86_64-linux-gnu/libstdc++.so.6.0.17
7f3fd853d000-7f3fd8552000 rw-p 00000000 00:00 0 
7f3fd8552000-7f3fd8570000 r-xp 00000000 08:01 403866                     /usr/lib/x86_64-linux-gnu/libGL.so.1.2
7f3fd8570000-7f3fd8574000 r-xp 0001e000 08:01 403866                     /usr/lib/x86_64-linux-gnu/libGL.so.1.2
7f3fd8574000-7f3fd8592000 r-xp 00022000 08:01 403866                     /usr/lib/x86_64-linux-gnu/libGL.so.1.2
7f3fd8592000-7f3fd8594000 r-xp 00040000 08:01 403866                     /usr/lib/x86_64-linux-gnu/libGL.so.1.2
7f3fd8594000-7f3fd85af000 r-xp 00042000 08:01 403866                     /usr/lib/x86_64-linux-gnu/libGL.so.1.2
7f3fd85af000-7f3fd87ae000 ---p 0005d000 08:01 403866                     /usr/lib/x86_64-linux-gnu/libGL.so.1.2
7f3fd87ae000-7f3fd87b2000 rw-p 0005c000 08:01 403866                     /usr/lib/x86_64-linux-gnu/libGL.so.1.2
7f3fd87b2000-7f3fd87b6000 r-xp 00000000 08:01 403863                     /usr/lib/x86_64-linux-gnu/libXxf86vm.so.1.0.0
7f3fd87b6000-7f3fd89b6000 ---p 00004000 08:01 403863                     /usr/lib/x86_64-linux-gnu/libXxf86vm.so.1.0.0
7f3fd89b6000-7f3fd89b7000 r--p 00004000 08:01 403863                     /usr/lib/x86_64-linux-gnu/libXxf86vm.so.1.0.0
7f3fd89b7000-7f3fd89b8000 rw-p 00005000 08:01 403863                     /usr/lib/x86_64-linux-gnu/libXxf86vm.so.1.0.0
7f3fd89b8000-7f3fd8aed000 r-xp 00000000 08:01 394366                     /usr/lib/x86_64-linux-gnu/libX11.so.6.3.0
7f3fd8aed000-7f3fd8ced000 ---p 00135000 08:01 394366                     /usr/lib/x86_64-linux-gnu/libX11.so.6.3.0
7f3fd8ced000-7f3fd8cf3000 rw-p 00135000 08:01 394366                     /usr/lib/x86_64-linux-gnu/libX11.so.6.3.0
7f3fd8cf3000-7f3fd8cf8000 r-xp 00000000 08:01 407636                     /usr/lib/x86_64-linux-gnu/libXtst.so.6.1.0
7f3fd8cf8000-7f3fd8ef7000 ---p 00005000 08:01 407636                     /usr/lib/x86_64-linux-gnu/libXtst.so.6.1.0
7f3fd8ef7000-7f3fd8ef8000 rw-p 00004000 08:01 407636                     /usr/lib/x86_64-linux-gnu/libXtst.so.6.1.0
7f3fd8ef8000-7f3fd8fed000 r-xp 00000000 08:01 916090                     /lib/x86_64-linux-gnu/libglib-2.0.so.0.3200.4
7f3fd8fed000-7f3fd91ed000 ---p 000f5000 08:01 916090                     /lib/x86_64-linux-gnu/libglib-2.0.so.0.3200.4
7f3fd91ed000-7f3fd91ee000 r--p 000f5000 08:01 916090                     /lib/x86_64-linux-gnu/libglib-2.0.so.0.3200.4
7f3fd91ee000-7f3fd91ef000 rw-p 000f6000 08:01 916090                     /lib/x86_64-linux-gnu/libglib-2.0.so.0.3200.4
7f3fd91ef000-7f3fd91f0000 rw-p 00000000 00:00 0 
7f3fd91f0000-7f3fd91f1000 r-xp 00000000 08:01 401825                     /usr/lib/x86_64-linux-gnu/libgthread-2.0.so.0.3200.4
7f3fd91f1000-7f3fd93f0000 ---p 00001000 08:01 401825                     /usr/lib/x86_64-linux-gnu/libgthread-2.0.so.0.3200.4
7f3fd93f0000-7f3fd93f1000 r--p 00000000 08:01 401825                     /usr/lib/x86_64-linux-gnu/libgthread-2.0.so.0.3200.4
7f3fd93f1000-7f3fd93f2000 rw-p 00001000 08:01 401825                     /usr/lib/x86_64-linux-gnu/libgthread-2.0.so.0.3200.4
7f3fd93f2000-7f3fd93f5000 r-xp 00000000 08:01 401826                     /usr/lib/x86_64-linux-gnu/libgmodule-2.0.so.0.3200.4
7f3fd93f5000-7f3fd95f4000 ---p 00003000 08:01 401826                     /usr/lib/x86_64-linux-gnu/libgmodule-2.0.so.0.3200.4
7f3fd95f4000-7f3fd95f5000 r--p 00002000 08:01 401826                     /usr/lib/x86_64-linux-gnu/libgmodule-2.0.so.0.3200.4
7f3fd95f5000-7f3fd95f6000 rw-p 00003000 08:01 401826                     /usr/lib/x86_64-linux-gnu/libgmodule-2.0.so.0.3200.4
7f3fd95f6000-7f3fd9644000 r-xp 00000000 08:01 401824                     /usr/lib/x86_64-linux-gnu/libgobject-2.0.so.0.3200.4
7f3fd9644000-7f3fd9844000 ---p 0004e000 08:01 401824                     /usr/lib/x86_64-linux-gnu/libgobject-2.0.so.0.3200.4
7f3fd9844000-7f3fd9845000 r--p 0004e000 08:01 401824                     /usr/lib/x86_64-linux-gnu/libgobject-2.0.so.0.3200.4
7f3fd9845000-7f3fd9846000 rw-p 0004f000 08:01 401824                     /usr/lib/x86_64-linux-gnu/libgobject-2.0.so.0.3200.4
7f3fd9846000-7f3fd987b000 r-xp 00000000 08:01 402231                     /usr/lib/x86_64-linux-gnu/libfontconfig.so.1.5.0
7f3fd987b000-7f3fd9a7b000 ---p 00035000 08:01 402231                     /usr/lib/x86_64-linux-gnu/libfontconfig.so.1.5.0
7f3fd9a7b000-7f3fd9a7c000 r--p 00035000 08:01 402231                     /usr/lib/x86_64-linux-gnu/libfontconfig.so.1.5.0
7f3fd9a7c000-7f3fd9a7d000 rw-p 00036000 08:01 402231                     /usr/lib/x86_64-linux-gnu/libfontconfig.so.1.5.0
7f3fd9a7d000-7f3fd9b16000 r-xp 00000000 08:01 394273                     /usr/lib/x86_64-linux-gnu/libfreetype.so.6.8.1
7f3fd9b16000-7f3fd9d15000 ---p 00099000 08:01 394273                     /usr/lib/x86_64-linux-gnu/libfreetype.so.6.8.1
7f3fd9d15000-7f3fd9d1b000 r--p 00098000 08:01 394273                     /usr/lib/x86_64-linux-gnu/libfreetype.so.6.8.1
7f3fd9d1b000-7f3fd9d1c000 rw-p 0009e000 08:01 394273                     /usr/lib/x86_64-linux-gnu/libfreetype.so.6.8.1
7f3fd9d1c000-7f3fd9d66000 r-xp 00000000 08:01 403657                     /usr/lib/x86_64-linux-gnu/libpango-1.0.so.0.3000.0
7f3fd9d66000-7f3fd9f66000 ---p 0004a000 08:01 403657                     /usr/lib/x86_64-linux-gnu/libpango-1.0.so.0.3000.0
7f3fd9f66000-7f3fd9f68000 r--p 0004a000 08:01 403657                     /usr/lib/x86_64-linux-gnu/libpango-1.0.so.0.3000.0
7f3fd9f68000-7f3fd9f69000 rw-p 0004c000 08:01 403657                     /usr/lib/x86_64-linux-gnu/libpango-1.0.so.0.3000.0
7f3fd9f69000-7f3fda05d000 r-xp 00000000 08:01 402975                     /usr/lib/x86_64-linux-gnu/libcairo.so.2.11200.2
7f3fda05d000-7f3fda25c000 ---p 000f4000 08:01 402975                     /usr/lib/x86_64-linux-gnu/libcairo.so.2.11200.2
7f3fda25c000-7f3fda25f000 r--p 000f3000 08:01 402975                     /usr/lib/x86_64-linux-gnu/libcairo.so.2.11200.2
7f3fda25f000-7f3fda260000 rw-p 000f6000 08:01 402975                     /usr/lib/x86_64-linux-gnu/libcairo.so.2.11200.2
7f3fda260000-7f3fda262000 rw-p 00000000 00:00 0 
7f3fda262000-7f3fda26e000 r-xp 00000000 08:01 403658                     /usr/lib/x86_64-linux-gnu/libpangocairo-1.0.so.0.3000.0
7f3fda26e000-7f3fda46d000 ---p 0000c000 08:01 403658                     /usr/lib/x86_64-linux-gnu/libpangocairo-1.0.so.0.3000.0
7f3fda46d000-7f3fda46e000 r--p 0000b000 08:01 403658                     /usr/lib/x86_64-linux-gnu/libpangocairo-1.0.so.0.3000.0
7f3fda46e000-7f3fda46f000 rw-p 0000c000 08:01 403658                     /usr/lib/x86_64-linux-gnu/libpangocairo-1.0.so.0.3000.0
7f3fda46f000-7f3fda48e000 r-xp 00000000 08:01 403630                     /usr/lib/x86_64-linux-gnu/libgdk_pixbuf-2.0.so.0.2600.1
7f3fda48e000-7f3fda68d000 ---p 0001f000 08:01 403630                     /usr/lib/x86_64-linux-gnu/libgdk_pixbuf-2.0.so.0.2600.1
7f3fda68d000-7f3fda68e000 r--p 0001e000 08:01 403630                     /usr/lib/x86_64-linux-gnu/libgdk_pixbuf-2.0.so.0.2600.1
7f3fda68e000-7f3fda68f000 rw-p 0001f000 08:01 403630                     /usr/lib/x86_64-linux-gnu/libgdk_pixbuf-2.0.so.0.2600.1
7f3fda68f000-7f3fda6b9000 r-xp 00000000 08:01 403661                     /usr/lib/x86_64-linux-gnu/libpangoft2-1.0.so.0.3000.0
7f3fda6b9000-7f3fda8b8000 ---p 0002a000 08:01 403661                     /usr/lib/x86_64-linux-gnu/libpangoft2-1.0.so.0.3000.0
7f3fda8b8000-7f3fda8b9000 r--p 00029000 08:01 403661                     /usr/lib/x86_64-linux-gnu/libpangoft2-1.0.so.0.3000.0
7f3fda8b9000-7f3fda8ba000 rw-p 0002a000 08:01 403661                     /usr/lib/x86_64-linux-gnu/libpangoft2-1.0.so.0.3000.0
7f3fda8ba000-7f3fdaa06000 r-xp 00000000 08:01 401829                     /usr/lib/x86_64-linux-gnu/libgio-2.0.so.0.3200.4
7f3fdaa06000-7f3fdac05000 ---p 0014c000 08:01 401829                     /usr/lib/x86_64-linux-gnu/libgio-2.0.so.0.3200.4
7f3fdac05000-7f3fdac09000 r--p 0014b000 08:01 401829                     /usr/lib/x86_64-linux-gnu/libgio-2.0.so.0.3200.4
7f3fdac09000-7f3fdac0b000 rw-p 0014f000 08:01 401829                     /usr/lib/x86_64-linux-gnu/libgio-2.0.so.0.3200.4
7f3fdac0b000-7f3fdac0d000 rw-p 00000000 00:00 0 
7f3fdac0d000-7f3fdac2e000 r-xp 00000000 08:01 403828                     /usr/lib/x86_64-linux-gnu/libatk-1.0.so.0.20409.1
7f3fdac2e000-7f3fdae2d000 ---p 00021000 08:01 403828                     /usr/lib/x86_64-linux-gnu/libatk-1.0.so.0.20409.1
7f3fdae2d000-7f3fdae2f000 r--p 00020000 08:01 403828                     /usr/lib/x86_64-linux-gnu/libatk-1.0.so.0.20409.1
7f3fdae2f000-7f3fdae30000 rw-p 00022000 08:01 403828                     /usr/lib/x86_64-linux-gnu/libatk-1.0.so.0.20409.1
7f3fdae30000-7f3fdaedf000 r-xp 00000000 08:01 405722                     /usr/lib/x86_64-linux-gnu/libgdk-x11-2.0.so.0.2400.10
7f3fdaedf000-7f3fdb0de000 ---p 000af000 08:01 405722                     /usr/lib/x86_64-linux-gnu/libgdk-x11-2.0.so.0.2400.10
7f3fdb0de000-7f3fdb0e3000 rw-p 000ae000 08:01 405722                     /usr/lib/x86_64-linux-gnu/libgdk-x11-2.0.so.0.2400.10
7f3fdb0e3000-7f3fdb515000 r-xp 00000000 08:01 405702                     /usr/lib/x86_64-linux-gnu/libgtk-x11-2.0.so.0.2400.10
7f3fdb515000-7f3fdb715000 ---p 00432000 08:01 405702                     /usr/lib/x86_64-linux-gnu/libgtk-x11-2.0.so.0.2400.10
7f3fdb715000-7f3fdb720000 rw-p 00432000 08:01 405702                     /usr/lib/x86_64-linux-gnu/libgtk-x11-2.0.so.0.2400.10
7f3fdb720000-7f3fdb722000 rw-p 00000000 00:00 0 
7f3fdb722000-7f3fdb72e000 r-xp 00000000 08:01 3336                       /usr/lib/jvm/java-8-oracle/jre/lib/amd64/libprism_es2.so
7f3fdb72e000-7f3fdb92d000 ---p 0000c000 08:01 3336                       /usr/lib/jvm/java-8-oracle/jre/lib/amd64/libprism_es2.so
7f3fdb92d000-7f3fdb92e000 r--p 0000b000 08:01 3336                       /usr/lib/jvm/java-8-oracle/jre/lib/amd64/libprism_es2.so
7f3fdb92e000-7f3fdb92f000 rw-p 0000c000 08:01 3336                       /usr/lib/jvm/java-8-oracle/jre/lib/amd64/libprism_es2.so
7f3fdb92f000-7f3fdb932000 ---p 00000000 00:00 0 
7f3fdb932000-7f3fdba30000 rw-p 00000000 00:00 0 
7f3fdba30000-7f3fdbad6000 r--s 010bb000 08:01 674855                     /usr/lib/jvm/java-8-oracle/jre/lib/ext/jfxrt.jar
7f3fdbad6000-7f3fdbad7000 ---p 00000000 00:00 0 
7f3fdbad7000-7f3fdbbd7000 rw-p 00000000 00:00 0 
7f3fdbbd7000-7f3fdbbda000 ---p 00000000 00:00 0 
7f3fdbbda000-7f3fdbcd8000 rw-p 00000000 00:00 0 
7f3fdbcd8000-7f3fdbcdb000 ---p 00000000 00:00 0 
7f3fdbcdb000-7f3fdbdd9000 rw-p 00000000 00:00 0 
7f3fdbdd9000-7f3fdbddc000 ---p 00000000 00:00 0 
7f3fdbddc000-7f3fdbeda000 rw-p 00000000 00:00 0 
7f3fdbeda000-7f3fdbedd000 ---p 00000000 00:00 0 
7f3fdbedd000-7f3fdbfdb000 rw-p 00000000 00:00 0 
7f3fdbfdb000-7f3fdbfde000 ---p 00000000 00:00 0 
7f3fdbfde000-7f3fdc0dc000 rw-p 00000000 00:00 0 
7f3fdc0dc000-7f3fdc0df000 ---p 00000000 00:00 0 
7f3fdc0df000-7f3fdc1dd000 rw-p 00000000 00:00 0 
7f3fdc1dd000-7f3fdc1e1000 r-xp 00000000 08:01 3304                       /usr/lib/jvm/java-8-oracle/jre/lib/amd64/libdt_socket.so
7f3fdc1e1000-7f3fdc3e0000 ---p 00004000 08:01 3304                       /usr/lib/jvm/java-8-oracle/jre/lib/amd64/libdt_socket.so
7f3fdc3e0000-7f3fdc3e1000 rw-p 00003000 08:01 3304                       /usr/lib/jvm/java-8-oracle/jre/lib/amd64/libdt_socket.so
7f3fdc3e1000-7f3fdc3e4000 ---p 00000000 00:00 0 
7f3fdc3e4000-7f3fdc4e2000 rw-p 00000000 00:00 0 
7f3fdc4e2000-7f3fdc4e5000 ---p 00000000 00:00 0 
7f3fdc4e5000-7f3fdc5e3000 rw-p 00000000 00:00 0 
7f3fdc5e3000-7f3fdc5e6000 ---p 00000000 00:00 0 
7f3fdc5e6000-7f3fdc6e4000 rw-p 00000000 00:00 0 
7f3fdc6e4000-7f3fdc6e5000 ---p 00000000 00:00 0 
7f3fdc6e5000-7f3fdc834000 rw-p 00000000 00:00 0 
7f3fdc834000-7f3fdca09000 r--s 03c4d000 08:01 674817                     /usr/lib/jvm/java-8-oracle/jre/lib/rt.jar
7f3fdca09000-7f3fdd2da000 rw-p 00000000 00:00 0 
7f3fdd2da000-7f3fdd2e6000 rw-p 00000000 00:00 0 
7f3fdd2e6000-7f3fdd329000 ---p 00000000 00:00 0 
7f3fdd329000-7f3fdd342000 rw-p 00000000 00:00 0 
7f3fdd342000-7f3fdd3c8000 ---p 00000000 00:00 0 
7f3fdd3c8000-7f3fdd406000 rw-p 00000000 00:00 0 
7f3fdd406000-7f3fdd789000 ---p 00000000 00:00 0 
7f3fdd789000-7f3fde6a9000 rwxp 00000000 00:00 0 
7f3fde6a9000-7f3fec789000 ---p 00000000 00:00 0 
7f3fec789000-7f3fec7a5000 r-xp 00000000 08:01 3322                       /usr/lib/jvm/java-8-oracle/jre/lib/amd64/libzip.so
7f3fec7a5000-7f3fec9a4000 ---p 0001c000 08:01 3322                       /usr/lib/jvm/java-8-oracle/jre/lib/amd64/libzip.so
7f3fec9a4000-7f3fec9a5000 rw-p 0001b000 08:01 3322                       /usr/lib/jvm/java-8-oracle/jre/lib/amd64/libzip.so
7f3fec9a5000-7f3fec9b0000 r-xp 00000000 08:01 912148                     /lib/x86_64-linux-gnu/libnss_files-2.13.so
7f3fec9b0000-7f3fecbaf000 ---p 0000b000 08:01 912148                     /lib/x86_64-linux-gnu/libnss_files-2.13.so
7f3fecbaf000-7f3fecbb0000 r--p 0000a000 08:01 912148                     /lib/x86_64-linux-gnu/libnss_files-2.13.so
7f3fecbb0000-7f3fecbb1000 rw-p 0000b000 08:01 912148                     /lib/x86_64-linux-gnu/libnss_files-2.13.so
7f3fecbb1000-7f3fecbbb000 r-xp 00000000 08:01 912144                     /lib/x86_64-linux-gnu/libnss_nis-2.13.so
7f3fecbbb000-7f3fecdba000 ---p 0000a000 08:01 912144                     /lib/x86_64-linux-gnu/libnss_nis-2.13.so
7f3fecdba000-7f3fecdbb000 r--p 00009000 08:01 912144                     /lib/x86_64-linux-gnu/libnss_nis-2.13.so
7f3fecdbb000-7f3fecdbc000 rw-p 0000a000 08:01 912144                     /lib/x86_64-linux-gnu/libnss_nis-2.13.so
7f3fecdbc000-7f3fecdd1000 r-xp 00000000 08:01 912142                     /lib/x86_64-linux-gnu/libnsl-2.13.so
7f3fecdd1000-7f3fecfd0000 ---p 00015000 08:01 912142                     /lib/x86_64-linux-gnu/libnsl-2.13.so
7f3fecfd0000-7f3fecfd1000 r--p 00014000 08:01 912142                     /lib/x86_64-linux-gnu/libnsl-2.13.so
7f3fecfd1000-7f3fecfd2000 rw-p 00015000 08:01 912142                     /lib/x86_64-linux-gnu/libnsl-2.13.so
7f3fecfd2000-7f3fecfd4000 rw-p 00000000 00:00 0 
7f3fecfd4000-7f3fecfdb000 r-xp 00000000 08:01 912137                     /lib/x86_64-linux-gnu/libnss_compat-2.13.so
7f3fecfdb000-7f3fed1da000 ---p 00007000 08:01 912137                     /lib/x86_64-linux-gnu/libnss_compat-2.13.so
7f3fed1da000-7f3fed1db000 r--p 00006000 08:01 912137                     /lib/x86_64-linux-gnu/libnss_compat-2.13.so
7f3fed1db000-7f3fed1dc000 rw-p 00007000 08:01 912137                     /lib/x86_64-linux-gnu/libnss_compat-2.13.so
7f3fed1dc000-7f3fed353000 r--p 00000000 08:01 396645                     /usr/lib/locale/locale-archive
7f3fed353000-7f3fed356000 r-xp 00000000 08:01 3283                       /usr/lib/jvm/java-8-oracle/jre/lib/amd64/libnpt.so
7f3fed356000-7f3fed555000 ---p 00003000 08:01 3283                       /usr/lib/jvm/java-8-oracle/jre/lib/amd64/libnpt.so
7f3fed555000-7f3fed556000 rw-p 00002000 08:01 3283                       /usr/lib/jvm/java-8-oracle/jre/lib/amd64/libnpt.so
7f3fed556000-7f3fed58f000 r-xp 00000000 08:01 3335                       /usr/lib/jvm/java-8-oracle/jre/lib/amd64/libjdwp.so
7f3fed58f000-7f3fed78e000 ---p 00039000 08:01 3335                       /usr/lib/jvm/java-8-oracle/jre/lib/amd64/libjdwp.so
7f3fed78e000-7f3fed790000 rw-p 00038000 08:01 3335                       /usr/lib/jvm/java-8-oracle/jre/lib/amd64/libjdwp.so
7f3fed790000-7f3fed7ba000 r-xp 00000000 08:01 3276                       /usr/lib/jvm/java-8-oracle/jre/lib/amd64/libjava.so
7f3fed7ba000-7f3fed9ba000 ---p 0002a000 08:01 3276                       /usr/lib/jvm/java-8-oracle/jre/lib/amd64/libjava.so
7f3fed9ba000-7f3fed9bc000 rw-p 0002a000 08:01 3276                       /usr/lib/jvm/java-8-oracle/jre/lib/amd64/libjava.so
7f3fed9bc000-7f3fed9c9000 r-xp 00000000 08:01 3305                       /usr/lib/jvm/java-8-oracle/jre/lib/amd64/libverify.so
7f3fed9c9000-7f3fedbc9000 ---p 0000d000 08:01 3305                       /usr/lib/jvm/java-8-oracle/jre/lib/amd64/libverify.so
7f3fedbc9000-7f3fedbcb000 rw-p 0000d000 08:01 3305                       /usr/lib/jvm/java-8-oracle/jre/lib/amd64/libverify.so
7f3fedbcb000-7f3fedbd2000 r-xp 00000000 08:01 912152                     /lib/x86_64-linux-gnu/librt-2.13.so
7f3fedbd2000-7f3feddd1000 ---p 00007000 08:01 912152                     /lib/x86_64-linux-gnu/librt-2.13.so
7f3feddd1000-7f3feddd2000 r--p 00006000 08:01 912152                     /lib/x86_64-linux-gnu/librt-2.13.so
7f3feddd2000-7f3feddd3000 rw-p 00007000 08:01 912152                     /lib/x86_64-linux-gnu/librt-2.13.so
7f3feddd3000-7f3fede54000 r-xp 00000000 08:01 912139                     /lib/x86_64-linux-gnu/libm-2.13.so
7f3fede54000-7f3fee053000 ---p 00081000 08:01 912139                     /lib/x86_64-linux-gnu/libm-2.13.so
7f3fee053000-7f3fee054000 r--p 00080000 08:01 912139                     /lib/x86_64-linux-gnu/libm-2.13.so
7f3fee054000-7f3fee055000 rw-p 00081000 08:01 912139                     /lib/x86_64-linux-gnu/libm-2.13.so
7f3fee055000-7f3feec6f000 r-xp 00000000 08:01 3324                       /usr/lib/jvm/java-8-oracle/jre/lib/amd64/server/libjvm.so
7f3feec6f000-7f3feee6e000 ---p 00c1a000 08:01 3324                       /usr/lib/jvm/java-8-oracle/jre/lib/amd64/server/libjvm.so
7f3feee6e000-7f3feef37000 rw-p 00c19000 08:01 3324                       /usr/lib/jvm/java-8-oracle/jre/lib/amd64/server/libjvm.so
7f3feef37000-7f3feef78000 rw-p 00000000 00:00 0 
7f3feef78000-7f3fef0fa000 r-xp 00000000 08:01 912131                     /lib/x86_64-linux-gnu/libc-2.13.so
7f3fef0fa000-7f3fef2f9000 ---p 00182000 08:01 912131                     /lib/x86_64-linux-gnu/libc-2.13.so
7f3fef2f9000-7f3fef2fd000 r--p 00181000 08:01 912131                     /lib/x86_64-linux-gnu/libc-2.13.so
7f3fef2fd000-7f3fef2fe000 rw-p 00185000 08:01 912131                     /lib/x86_64-linux-gnu/libc-2.13.so
7f3fef2fe000-7f3fef303000 rw-p 00000000 00:00 0 
7f3fef303000-7f3fef305000 r-xp 00000000 08:01 912146                     /lib/x86_64-linux-gnu/libdl-2.13.so
7f3fef305000-7f3fef505000 ---p 00002000 08:01 912146                     /lib/x86_64-linux-gnu/libdl-2.13.so
7f3fef505000-7f3fef506000 r--p 00002000 08:01 912146                     /lib/x86_64-linux-gnu/libdl-2.13.so
7f3fef506000-7f3fef507000 rw-p 00003000 08:01 912146                     /lib/x86_64-linux-gnu/libdl-2.13.so
7f3fef507000-7f3fef51e000 r-xp 00000000 08:01 273493                     /usr/lib/jvm/java-8-oracle/lib/amd64/jli/libjli.so
7f3fef51e000-7f3fef71d000 ---p 00017000 08:01 273493                     /usr/lib/jvm/java-8-oracle/lib/amd64/jli/libjli.so
7f3fef71d000-7f3fef71e000 rw-p 00016000 08:01 273493                     /usr/lib/jvm/java-8-oracle/lib/amd64/jli/libjli.so
7f3fef71e000-7f3fef735000 r-xp 00000000 08:01 912150                     /lib/x86_64-linux-gnu/libpthread-2.13.so
7f3fef735000-7f3fef934000 ---p 00017000 08:01 912150                     /lib/x86_64-linux-gnu/libpthread-2.13.so
7f3fef934000-7f3fef935000 r--p 00016000 08:01 912150                     /lib/x86_64-linux-gnu/libpthread-2.13.so
7f3fef935000-7f3fef936000 rw-p 00017000 08:01 912150                     /lib/x86_64-linux-gnu/libpthread-2.13.so
7f3fef936000-7f3fef93a000 rw-p 00000000 00:00 0 
7f3fef93a000-7f3fef95a000 r-xp 00000000 08:01 912154                     /lib/x86_64-linux-gnu/ld-2.13.so
7f3fef95a000-7f3fef962000 r--s 00032000 08:01 940457                     /home/jpc/.m2/repository/jgrapht/jgrapht/0.8.1/jgrapht-0.8.1.jar
7f3fef962000-7f3fef966000 r--s 00026000 08:01 940456                     /home/jpc/.m2/repository/dk/brics/automaton/1.11-2/automaton-1.11-2.jar
7f3fef966000-7f3fef975000 r--p 00000000 08:01 405542                     /usr/share/locale/fr/LC_MESSAGES/gtk20.mo
7f3fef975000-7f3fef9b5000 rw-p 00000000 00:00 0 
7f3fef9b5000-7f3fefa3c000 ---p 00000000 00:00 0 
7f3fefa3c000-7f3fefa3f000 ---p 00000000 00:00 0 
7f3fefa3f000-7f3fefb41000 rw-p 00000000 00:00 0 
7f3fefb41000-7f3fefb44000 r--s 0001d000 08:01 940552                     /home/jpc/.m2/repository/choco/choco-environment/3.2.0/choco-environment-3.2.0.jar
7f3fefb44000-7f3fefb46000 rw-s 1b7ff000 00:05 6167                       /dev/dri/card0
7f3fefb46000-7f3fefb4d000 r--s 00000000 08:01 392128                     /usr/lib/x86_64-linux-gnu/gconv/gconv-modules.cache
7f3fefb4d000-7f3fefb55000 rw-s 00000000 08:01 940693                     /tmp/hsperfdata_jpc/17284
7f3fefb55000-7f3fefb56000 rw-p 00000000 00:00 0 
7f3fefb56000-7f3fefb57000 r--p 00000000 00:00 0 
7f3fefb57000-7f3fefb59000 rw-p 00000000 00:00 0 
7f3fefb59000-7f3fefb5a000 r--p 0001f000 08:01 912154                     /lib/x86_64-linux-gnu/ld-2.13.so
7f3fefb5a000-7f3fefb5b000 rw-p 00020000 08:01 912154                     /lib/x86_64-linux-gnu/ld-2.13.so
7f3fefb5b000-7f3fefb5c000 rw-p 00000000 00:00 0 
7fff62e72000-7fff62e93000 rw-p 00000000 00:00 0                          [stack]
7fff62f27000-7fff62f28000 r-xp 00000000 00:00 0                          [vdso]
ffffffffff600000-ffffffffff601000 r-xp 00000000 00:00 0                  [vsyscall]

VM Arguments:
jvm_args: -agentlib:jdwp=transport=dt_socket,suspend=y,address=localhost:42256 -Dfile.encoding=UTF-8 
java_command: com.github.aiderpmsi.planning.ui.PlanningMainUIApp
java_class_path (initial): /home/jpc/git/planning/planning/target/classes:/home/jpc/.m2/repository/choco/choco-solver/3.2.0/choco-solver-3.2.0.jar:/home/jpc/.m2/repository/choco/choco-environment/3.2.0/choco-environment-3.2.0.jar:/home/jpc/.m2/repository/dk/brics/automaton/1.11-2/automaton-1.11-2.jar:/home/jpc/.m2/repository/jgrapht/jgrapht/0.8.1/jgrapht-0.8.1.jar:/home/jpc/.m2/repository/net/sf/trove4j/trove4j/3.0.3/trove4j-3.0.3.jar:/home/jpc/.m2/repository/org/slf4j/slf4j-api/1.7.7/slf4j-api-1.7.7.jar:/home/jpc/.m2/repository/ch/qos/logback/logback-core/1.1.2/logback-core-1.1.2.jar:/home/jpc/.m2/repository/ch/qos/logback/logback-classic/1.1.2/logback-classic-1.1.2.jar:/home/jpc/.m2/repository/args4j/args4j/2.0.28/args4j-2.0.28.jar:/home/jpc/.m2/repository/org/controlsfx/controlsfx/8.0.6/controlsfx-8.0.6.jar
Launcher Type: SUN_STANDARD

Environment Variables:
PATH=/usr/local/bin:/usr/bin:/bin:/usr/local/games:/usr/games
USERNAME=jpc
SHELL=/bin/bash
DISPLAY=:0.0

Signal Handlers:
SIGSEGV: [libjvm.so+0xa2fc90], sa_mask[0]=0x7ffbfeff, sa_flags=0x10000004
SIGBUS: [libjvm.so+0xa2fc90], sa_mask[0]=0x7ffbfeff, sa_flags=0x10000004
SIGFPE: [libjvm.so+0x89b4b0], sa_mask[0]=0x7ffbfeff, sa_flags=0x10000004
SIGPIPE: SIG_IGN, sa_mask[0]=0x00001000, sa_flags=0x10000000
SIGXFSZ: [libjvm.so+0x89b4b0], sa_mask[0]=0x7ffbfeff, sa_flags=0x10000004
SIGILL: [libjvm.so+0x89b4b0], sa_mask[0]=0x7ffbfeff, sa_flags=0x10000004
SIGUSR1: SIG_DFL, sa_mask[0]=0x00000000, sa_flags=0x00000000
SIGUSR2: [libjvm.so+0x89cc50], sa_mask[0]=0x00000004, sa_flags=0x10000004
SIGHUP: [libjvm.so+0x89df00], sa_mask[0]=0x7ffbfeff, sa_flags=0x10000004
SIGINT: 